#
# There is insufficient memory for the Java Runtime Environment to continue.
# Native memory allocation (malloc) failed to allocate 32744 bytes for ChunkPool::allocate
# Possible reasons:
#   The system is out of physical RAM or swap space
#   In 32 bit mode, the process size limit was hit
# Possible solutions:
#   Reduce memory load on the system
#   Increase physical memory or swap space
#   Check if swap backing store is full
#   Use 64 bit Java on a 64 bit OS
#   Decrease Java heap size (-Xmx/-Xms)
#   Decrease number of Java threads
#   Decrease Java thread stack sizes (-Xss)
#   Set larger code cache with -XX:ReservedCodeCacheSize=
# This output file may be truncated or incomplete.
#
#  Out of Memory Error (allocation.cpp:273), pid=7112, tid=7440
#
# JRE version: Java(TM) SE Runtime Environment (8.0_45-b15) (build 1.8.0_45-b15)
# Java VM: Java HotSpot(TM) 64-Bit Server VM (25.45-b02 mixed mode windows-amd64 compressed oops)
# Failed to write core dump. Minidumps are not enabled by default on client versions of Windows
#

---------------  T H R E A D  ---------------

Current thread (0x0000000013caa800):  JavaThread "C2 CompilerThread0" daemon [_thread_in_native, id=7440, stack(0x00000000150a0000,0x00000000151a0000)]

Stack: [0x00000000150a0000,0x00000000151a0000]
Native frames: (J=compiled Java code, j=interpreted, Vv=VM code, C=native code)
V  [jvm.dll+0x32b57a]


Current CompileTask:
C2:15683453 5437       4       javax.swing.RepaintManager::collectDirtyComponents (344 bytes)


---------------  P R O C E S S  ---------------

Java Threads: ( => current thread )
  0x00000000164d1800 JavaThread "Thread-15" [_thread_in_native, id=6424, stack(0x0000000002230000,0x0000000002330000)]
  0x00000000164c4000 JavaThread "pool-1-thread-2" [_thread_blocked, id=7916, stack(0x0000000017620000,0x0000000017720000)]
  0x00000000164c4800 JavaThread "Prism Font Disposer" daemon [_thread_blocked, id=5552, stack(0x0000000017d50000,0x0000000017e50000)]
  0x0000000015fb8800 JavaThread "Disposer" daemon [_thread_blocked, id=4812, stack(0x000000001b4d0000,0x000000001b5d0000)]
  0x0000000015fb4800 JavaThread "DestroyJavaVM" [_thread_blocked, id=1060, stack(0x0000000002530000,0x0000000002630000)]
  0x0000000015fb9000 JavaThread "pool-1-thread-1" [_thread_blocked, id=1684, stack(0x000000001ae40000,0x000000001af40000)]
  0x0000000015fb2800 JavaThread "TimerQueue" daemon [_thread_blocked, id=6412, stack(0x000000001ad40000,0x000000001ae40000)]
  0x0000000015a1d000 JavaThread "Thread-8" daemon [_thread_in_native, id=6708, stack(0x000000001a5d0000,0x000000001a6d0000)]
  0x0000000015249000 JavaThread "JavaFX Application Thread" [_thread_in_native, id=236, stack(0x00000000189f0000,0x0000000018af0000)]
  0x0000000015250000 JavaThread "Thread-7" daemon [_thread_blocked, id=7836, stack(0x00000000188f0000,0x00000000189f0000)]
  0x0000000015266800 JavaThread "QuantumRenderer-0" daemon [_thread_blocked, id=3040, stack(0x00000000187f0000,0x00000000188f0000)]
  0x0000000016093800 JavaThread "AWT-EventQueue-0" [_thread_in_Java, id=6848, stack(0x0000000017820000,0x0000000017920000)]
  0x0000000015a60000 JavaThread "AWT-Windows" daemon [_thread_in_native, id=7952, stack(0x0000000017720000,0x0000000017820000)]
  0x0000000015bbd000 JavaThread "AWT-Shutdown" [_thread_blocked, id=5576, stack(0x0000000017a20000,0x0000000017b20000)]
  0x0000000015bbc800 JavaThread "Java2D Disposer" daemon [_thread_blocked, id=6888, stack(0x0000000017920000,0x0000000017a20000)]
  0x00000000151af800 JavaThread "Service Thread" daemon [_thread_blocked, id=7896, stack(0x00000000157a0000,0x00000000158a0000)]
  0x0000000013cfd800 JavaThread "C1 CompilerThread1" daemon [_thread_blocked, id=6640, stack(0x00000000156a0000,0x00000000157a0000)]
=>0x0000000013caa800 JavaThread "C2 CompilerThread0" daemon [_thread_in_native, id=7440, stack(0x00000000150a0000,0x00000000151a0000)]
  0x0000000013ca9800 JavaThread "Attach Listener" daemon [_thread_blocked, id=5172, stack(0x0000000014fa0000,0x00000000150a0000)]
  0x0000000013ca6000 JavaThread "Signal Dispatcher" daemon [_thread_blocked, id=7296, stack(0x0000000014ea0000,0x0000000014fa0000)]
  0x0000000013c6c800 JavaThread "Finalizer" daemon [_thread_blocked, id=2224, stack(0x00000000149a0000,0x0000000014aa0000)]
  0x0000000013c64800 JavaThread "Reference Handler" daemon [_thread_blocked, id=4800, stack(0x00000000147a0000,0x00000000148a0000)]

Other Threads:
  0x0000000013c5f000 VMThread [stack: 0x00000000146a0000,0x00000000147a0000] [id=2356]
  0x00000000151b1800 WatcherThread [stack: 0x00000000158a0000,0x00000000159a0000] [id=7288]

VM state:not at safepoint (normal execution)

VM Mutex/Monitor currently owned by a thread: None

Heap:
 PSYoungGen      total 138240K, used 11053K [0x00000000f5580000, 0x00000000ffc00000, 0x0000000100000000)
  eden space 137728K, 7% used [0x00000000f5580000,0x00000000f603b440,0x00000000fdc00000)
  from space 512K, 12% used [0x00000000fe000000,0x00000000fe010000,0x00000000fe080000)
  to   space 16384K, 0% used [0x00000000fec00000,0x00000000fec00000,0x00000000ffc00000)
 ParOldGen       total 175104K, used 21042K [0x00000000e0000000, 0x00000000eab00000, 0x00000000f5580000)
  object space 175104K, 12% used [0x00000000e0000000,0x00000000e148cb30,0x00000000eab00000)
 Metaspace       used 32558K, capacity 33414K, committed 33712K, reserved 1079296K
  class space    used 4290K, capacity 4505K, committed 4528K, reserved 1048576K

Card table byte_map: [0x0000000011ef0000,0x0000000012000000] byte_map_base: 0x00000000117f0000

Marking Bits: (ParMarkBitMap*) 0x0000000054454040
 Begin Bits: [0x0000000012200000, 0x0000000012a00000)
 End Bits:   [0x0000000012a00000, 0x0000000013200000)

Polling page: 0x00000000008e0000

CodeCache: size=245760Kb used=14824Kb max_used=14831Kb free=230935Kb
 bounds [0x00000000026f0000, 0x00000000035a0000, 0x00000000116f0000]
 total_blobs=5469 nmethods=4574 adapters=805
 compilation: enabled

Compilation events (10 events):
Event: 15664.968 Thread 0x0000000013cfd800 nmethod 5432 0x00000000032e7610 code [0x00000000032e77c0, 0x00000000032e7d08]
Event: 15664.968 Thread 0x0000000013cfd800 5433   !   3       sun.awt.windows.ThemeReader::getThemeMargins (47 bytes)
Event: 15664.982 Thread 0x0000000013cfd800 nmethod 5433 0x0000000002c9e650 code [0x0000000002c9e860, 0x0000000002c9f318]
Event: 15665.745 Thread 0x0000000013cfd800 5434       3       javax.swing.plaf.basic.BasicScrollBarUI::paint (34 bytes)
Event: 15665.746 Thread 0x0000000013cfd800 nmethod 5434 0x00000000032ed1d0 code [0x00000000032ed360, 0x00000000032ed938]
Event: 15665.747 Thread 0x0000000013cfd800 5435       3       com.sun.java.swing.plaf.windows.WindowsScrollBarUI::paintTrack (158 bytes)
Event: 15665.750 Thread 0x0000000013cfd800 nmethod 5435 0x00000000032de690 code [0x00000000032de8a0, 0x00000000032df248]
Event: 15665.750 Thread 0x0000000013cfd800 5436       3       com.sun.java.swing.plaf.windows.WindowsScrollBarUI::paintThumb (339 bytes)
Event: 15665.757 Thread 0x0000000013cfd800 nmethod 5436 0x00000000032e2590 code [0x00000000032e2900, 0x00000000032e46b8]
Event: 15673.578 Thread 0x0000000013caa800 5437       4       javax.swing.RepaintManager::collectDirtyComponents (344 bytes)

GC Heap History (10 events):
Event: 5139.428 GC heap before
{Heap before GC invocations=12 (full 1):
 PSYoungGen      total 158208K, used 145796K [0x00000000f5580000, 0x0000000100000000, 0x0000000100000000)
  eden space 142848K, 100% used [0x00000000f5580000,0x00000000fe100000,0x00000000fe100000)
  from space 15360K, 19% used [0x00000000ff100000,0x00000000ff3e1398,0x0000000100000000)
  to   space 15872K, 0% used [0x00000000fe100000,0x00000000fe100000,0x00000000ff080000)
 ParOldGen       total 175104K, used 18217K [0x00000000e0000000, 0x00000000eab00000, 0x00000000f5580000)
  object space 175104K, 10% used [0x00000000e0000000,0x00000000e11ca570,0x00000000eab00000)
 Metaspace       used 32550K, capacity 33414K, committed 33712K, reserved 1079296K
  class space    used 4290K, capacity 4505K, committed 4528K, reserved 1048576K
Event: 5139.470 GC heap after
Heap after GC invocations=12 (full 1):
 PSYoungGen      total 143360K, used 64K [0x00000000f5580000, 0x0000000100000000, 0x0000000100000000)
  eden space 142848K, 0% used [0x00000000f5580000,0x00000000f5580000,0x00000000fe100000)
  from space 512K, 12% used [0x00000000fe100000,0x00000000fe110000,0x00000000fe180000)
  to   space 16384K, 0% used [0x00000000ff000000,0x00000000ff000000,0x0000000100000000)
 ParOldGen       total 175104K, used 20981K [0x00000000e0000000, 0x00000000eab00000, 0x00000000f5580000)
  object space 175104K, 11% used [0x00000000e0000000,0x00000000e147d588,0x00000000eab00000)
 Metaspace       used 32550K, capacity 33414K, committed 33712K, reserved 1079296K
  class space    used 4290K, capacity 4505K, committed 4528K, reserved 1048576K
}
Event: 7737.988 GC heap before
{Heap before GC invocations=13 (full 1):
 PSYoungGen      total 143360K, used 142912K [0x00000000f5580000, 0x0000000100000000, 0x0000000100000000)
  eden space 142848K, 100% used [0x00000000f5580000,0x00000000fe100000,0x00000000fe100000)
  from space 512K, 12% used [0x00000000fe100000,0x00000000fe110000,0x00000000fe180000)
  to   space 16384K, 0% used [0x00000000ff000000,0x00000000ff000000,0x0000000100000000)
 ParOldGen       total 175104K, used 20981K [0x00000000e0000000, 0x00000000eab00000, 0x00000000f5580000)
  object space 175104K, 11% used [0x00000000e0000000,0x00000000e147d588,0x00000000eab00000)
 Metaspace       used 32550K, capacity 33414K, committed 33712K, reserved 1079296K
  class space    used 4290K, capacity 4505K, committed 4528K, reserved 1048576K
Event: 7737.993 GC heap after
Heap after GC invocations=13 (full 1):
 PSYoungGen      total 158208K, used 64K [0x00000000f5580000, 0x0000000100000000, 0x0000000100000000)
  eden space 141824K, 0% used [0x00000000f5580000,0x00000000f5580000,0x00000000fe000000)
  from space 16384K, 0% used [0x00000000ff000000,0x00000000ff010000,0x0000000100000000)
  to   space 16384K, 0% used [0x00000000fe000000,0x00000000fe000000,0x00000000ff000000)
 ParOldGen       total 175104K, used 21034K [0x00000000e0000000, 0x00000000eab00000, 0x00000000f5580000)
  object space 175104K, 12% used [0x00000000e0000000,0x00000000e148ab30,0x00000000eab00000)
 Metaspace       used 32550K, capacity 33414K, committed 33712K, reserved 1079296K
  class space    used 4290K, capacity 4505K, committed 4528K, reserved 1048576K
}
Event: 10327.558 GC heap before
{Heap before GC invocations=14 (full 1):
 PSYoungGen      total 158208K, used 141888K [0x00000000f5580000, 0x0000000100000000, 0x0000000100000000)
  eden space 141824K, 100% used [0x00000000f5580000,0x00000000fe000000,0x00000000fe000000)
  from space 16384K, 0% used [0x00000000ff000000,0x00000000ff010000,0x0000000100000000)
  to   space 16384K, 0% used [0x00000000fe000000,0x00000000fe000000,0x00000000ff000000)
 ParOldGen       total 175104K, used 21034K [0x00000000e0000000, 0x00000000eab00000, 0x00000000f5580000)
  object space 175104K, 12% used [0x00000000e0000000,0x00000000e148ab30,0x00000000eab00000)
 Metaspace       used 32550K, capacity 33414K, committed 33712K, reserved 1079296K
  class space    used 4290K, capacity 4505K, committed 4528K, reserved 1048576K
Event: 10327.593 GC heap after
Heap after GC invocations=14 (full 1):
 PSYoungGen      total 158208K, used 32K [0x00000000f5580000, 0x0000000100000000, 0x0000000100000000)
  eden space 141824K, 0% used [0x00000000f5580000,0x00000000f5580000,0x00000000fe000000)
  from space 16384K, 0% used [0x00000000fe000000,0x00000000fe008000,0x00000000ff000000)
  to   space 16384K, 0% used [0x00000000ff000000,0x00000000ff000000,0x0000000100000000)
 ParOldGen       total 175104K, used 21042K [0x00000000e0000000, 0x00000000eab00000, 0x00000000f5580000)
  object space 175104K, 12% used [0x00000000e0000000,0x00000000e148cb30,0x00000000eab00000)
 Metaspace       used 32550K, capacity 33414K, committed 33712K, reserved 1079296K
  class space    used 4290K, capacity 4505K, committed 4528K, reserved 1048576K
}
Event: 12935.530 GC heap before
{Heap before GC invocations=15 (full 1):
 PSYoungGen      total 158208K, used 141856K [0x00000000f5580000, 0x0000000100000000, 0x0000000100000000)
  eden space 141824K, 100% used [0x00000000f5580000,0x00000000fe000000,0x00000000fe000000)
  from space 16384K, 0% used [0x00000000fe000000,0x00000000fe008000,0x00000000ff000000)
  to   space 16384K, 0% used [0x00000000ff000000,0x00000000ff000000,0x0000000100000000)
 ParOldGen       total 175104K, used 21042K [0x00000000e0000000, 0x00000000eab00000, 0x00000000f5580000)
  object space 175104K, 12% used [0x00000000e0000000,0x00000000e148cb30,0x00000000eab00000)
 Metaspace       used 32550K, capacity 33414K, committed 33712K, reserved 1079296K
  class space    used 4290K, capacity 4505K, committed 4528K, reserved 1048576K
Event: 12935.577 GC heap after
Heap after GC invocations=15 (full 1):
 PSYoungGen      total 158208K, used 64K [0x00000000f5580000, 0x0000000100000000, 0x0000000100000000)
  eden space 141824K, 0% used [0x00000000f5580000,0x00000000f5580000,0x00000000fe000000)
  from space 16384K, 0% used [0x00000000ff000000,0x00000000ff010000,0x0000000100000000)
  to   space 16384K, 0% used [0x00000000fe000000,0x00000000fe000000,0x00000000ff000000)
 ParOldGen       total 175104K, used 21042K [0x00000000e0000000, 0x00000000eab00000, 0x00000000f5580000)
  object space 175104K, 12% used [0x00000000e0000000,0x00000000e148cb30,0x00000000eab00000)
 Metaspace       used 32550K, capacity 33414K, committed 33712K, reserved 1079296K
  class space    used 4290K, capacity 4505K, committed 4528K, reserved 1048576K
}
Event: 15505.734 GC heap before
{Heap before GC invocations=16 (full 1):
 PSYoungGen      total 158208K, used 141888K [0x00000000f5580000, 0x0000000100000000, 0x0000000100000000)
  eden space 141824K, 100% used [0x00000000f5580000,0x00000000fe000000,0x00000000fe000000)
  from space 16384K, 0% used [0x00000000ff000000,0x00000000ff010000,0x0000000100000000)
  to   space 16384K, 0% used [0x00000000fe000000,0x00000000fe000000,0x00000000ff000000)
 ParOldGen       total 175104K, used 21042K [0x00000000e0000000, 0x00000000eab00000, 0x00000000f5580000)
  object space 175104K, 12% used [0x00000000e0000000,0x00000000e148cb30,0x00000000eab00000)
 Metaspace       used 32550K, capacity 33414K, committed 33712K, reserved 1079296K
  class space    used 4290K, capacity 4505K, committed 4528K, reserved 1048576K
Event: 15505.841 GC heap after
Heap after GC invocations=16 (full 1):
 PSYoungGen      total 138240K, used 64K [0x00000000f5580000, 0x00000000ffc00000, 0x0000000100000000)
  eden space 137728K, 0% used [0x00000000f5580000,0x00000000f5580000,0x00000000fdc00000)
  from space 512K, 12% used [0x00000000fe000000,0x00000000fe010000,0x00000000fe080000)
  to   space 16384K, 0% used [0x00000000fec00000,0x00000000fec00000,0x00000000ffc00000)
 ParOldGen       total 175104K, used 21042K [0x00000000e0000000, 0x00000000eab00000, 0x00000000f5580000)
  object space 175104K, 12% used [0x00000000e0000000,0x00000000e148cb30,0x00000000eab00000)
 Metaspace       used 32550K, capacity 33414K, committed 33712K, reserved 1079296K
  class space    used 4290K, capacity 4505K, committed 4528K, reserved 1048576K
}

Deoptimization events (10 events):
Event: 71.211 Thread 0x0000000016093800 Uncommon trap: reason=unstable_if action=reinterpret pc=0x0000000003259b84 method=java.awt.Component.getInputContext()Ljava/awt/im/InputContext; @ 6
Event: 71.223 Thread 0x00000000164cf000 Uncommon trap: reason=unstable_if action=reinterpret pc=0x0000000002ee67e8 method=org.apache.commons.lang3.text.StrSubstitutor.substitute(Lorg/apache/commons/lang3/text/StrBuilder;IILjava/util/List;)I @ 85
Event: 71.223 Thread 0x00000000164cf000 Uncommon trap: reason=unstable_if action=reinterpret pc=0x00000000030fcde4 method=org.apache.commons.lang3.text.StrBuilder.ensureCapacity(I)Lorg/apache/commons/lang3/text/StrBuilder; @ 6
Event: 73.594 Thread 0x00000000164cf000 Uncommon trap: reason=unstable_if action=reinterpret pc=0x0000000002e56438 method=java.lang.String.regionMatches(ZILjava/lang/String;II)Z @ 41
Event: 100.720 Thread 0x0000000016093800 Uncommon trap: reason=unstable_if action=reinterpret pc=0x00000000032b1e9c method=javax.swing.text.Utilities.getTabbedTextWidth(Ljavax/swing/text/View;Ljavax/swing/text/Segment;Ljava/awt/FontMetrics;ILjavax/swing/text/TabExpander;I[I)I @ 132
Event: 100.733 Thread 0x0000000016093800 Uncommon trap: reason=unstable_if action=reinterpret pc=0x00000000033d5524 method=javax.swing.text.Utilities.drawTabbedText(Ljavax/swing/text/View;Ljavax/swing/text/Segment;IILjava/awt/Graphics;Ljavax/swing/text/TabExpander;I[I)I @ 153
Event: 3013.992 Thread 0x0000000016093800 Uncommon trap: reason=unstable_if action=reinterpret pc=0x0000000003538ad0 method=javax.swing.text.GapContent.createPosition(I)Ljavax/swing/text/Position; @ 7
Event: 3045.346 Thread 0x0000000016093800 Uncommon trap: reason=unstable_if action=reinterpret pc=0x00000000034bbefc method=javax.swing.text.Utilities.drawTabbedText(Ljavax/swing/text/View;Ljavax/swing/text/Segment;IILjava/awt/Graphics;Ljavax/swing/text/TabExpander;I[I)I @ 194
Event: 3045.366 Thread 0x0000000016093800 Uncommon trap: reason=unstable_if action=reinterpret pc=0x00000000033c7ffc method=javax.swing.text.Utilities.drawTabbedText(Ljavax/swing/text/View;Ljavax/swing/text/Segment;IILjava/awt/Graphics;Ljavax/swing/text/TabExpander;I[I)I @ 153
Event: 5363.819 Thread 0x0000000016093800 Uncommon trap: reason=unstable_if action=reinterpret pc=0x0000000002d8a47c method=javax.swing.text.GapContent.createPosition(I)Ljavax/swing/text/Position; @ 7

Internal exceptions (10 events):
Event: 71.126 Thread 0x0000000016093800 Exception <a 'java/io/IOException'> (0x00000000f9312c80) thrown at [C:\re\workspace\8-2-build-windows-amd64-cygwin\jdk8u45\3627\hotspot\src\share\vm\prims\jni.cpp, line 709]
Event: 71.234 Thread 0x0000000016093800 Exception <a 'java/io/IOException'> (0x00000000f93472f8) thrown at [C:\re\workspace\8-2-build-windows-amd64-cygwin\jdk8u45\3627\hotspot\src\share\vm\prims\jni.cpp, line 709]
Event: 71.234 Thread 0x0000000016093800 Exception <a 'java/io/IOException'> (0x00000000f9347530) thrown at [C:\re\workspace\8-2-build-windows-amd64-cygwin\jdk8u45\3627\hotspot\src\share\vm\prims\jni.cpp, line 709]
Event: 71.234 Thread 0x0000000016093800 Exception <a 'java/io/IOException'> (0x00000000f9347738) thrown at [C:\re\workspace\8-2-build-windows-amd64-cygwin\jdk8u45\3627\hotspot\src\share\vm\prims\jni.cpp, line 709]
Event: 71.482 Thread 0x0000000016093800 Exception <a 'java/io/IOException'> (0x00000000fa5489a0) thrown at [C:\re\workspace\8-2-build-windows-amd64-cygwin\jdk8u45\3627\hotspot\src\share\vm\prims\jni.cpp, line 709]
Event: 71.482 Thread 0x0000000016093800 Exception <a 'java/io/IOException'> (0x00000000fa548bd8) thrown at [C:\re\workspace\8-2-build-windows-amd64-cygwin\jdk8u45\3627\hotspot\src\share\vm\prims\jni.cpp, line 709]
Event: 71.482 Thread 0x0000000016093800 Exception <a 'java/io/IOException'> (0x00000000fa548de0) thrown at [C:\re\workspace\8-2-build-windows-amd64-cygwin\jdk8u45\3627\hotspot\src\share\vm\prims\jni.cpp, line 709]
Event: 73.587 Thread 0x0000000016093800 Exception <a 'java/io/IOException'> (0x00000000fa55ec58) thrown at [C:\re\workspace\8-2-build-windows-amd64-cygwin\jdk8u45\3627\hotspot\src\share\vm\prims\jni.cpp, line 709]
Event: 73.587 Thread 0x0000000016093800 Exception <a 'java/io/IOException'> (0x00000000fa55ee90) thrown at [C:\re\workspace\8-2-build-windows-amd64-cygwin\jdk8u45\3627\hotspot\src\share\vm\prims\jni.cpp, line 709]
Event: 73.587 Thread 0x0000000016093800 Exception <a 'java/io/IOException'> (0x00000000fa55f098) thrown at [C:\re\workspace\8-2-build-windows-amd64-cygwin\jdk8u45\3627\hotspot\src\share\vm\prims\jni.cpp, line 709]

Events (10 events):
Event: 10327.555 Executing VM operation: ParallelGCFailedAllocation
Event: 10327.594 Executing VM operation: ParallelGCFailedAllocation done
Event: 12935.476 Executing VM operation: ParallelGCFailedAllocation
Event: 12935.577 Executing VM operation: ParallelGCFailedAllocation done
Event: 13105.076 Thread 0x0000000016093800 DEOPT PACKING pc=0x0000000002ca29d3 sp=0x000000001791dbe0
Event: 13105.095 Thread 0x0000000016093800 DEOPT UNPACKING pc=0x000000000273747f sp=0x000000001791d9a8 mode 0
Event: 13584.670 Thread 0x0000000016093800 DEOPT PACKING pc=0x0000000002ca29d3 sp=0x000000001791dbe0
Event: 13584.670 Thread 0x0000000016093800 DEOPT UNPACKING pc=0x000000000273747f sp=0x000000001791d9a8 mode 0
Event: 15505.705 Executing VM operation: ParallelGCFailedAllocation
Event: 15505.841 Executing VM operation: ParallelGCFailedAllocation done


Dynamic libraries:
0x00007ff6b55a0000 - 0x00007ff6b55d7000 	C:\Program Files\Java\jre1.8.0_45\bin\javaw.exe
0x00007ff957180000 - 0x00007ff957342000 	C:\WINDOWS\SYSTEM32\ntdll.dll
0x00007ff957020000 - 0x00007ff9570cd000 	C:\WINDOWS\system32\KERNEL32.DLL
0x00007ff954670000 - 0x00007ff95484d000 	C:\WINDOWS\system32\KERNELBASE.dll
0x00007ff956a70000 - 0x00007ff956b16000 	C:\WINDOWS\system32\ADVAPI32.dll
0x00007ff9570e0000 - 0x00007ff95717d000 	C:\WINDOWS\system32\msvcrt.dll
0x00007ff956b20000 - 0x00007ff956b7b000 	C:\WINDOWS\system32\sechost.dll
0x00007ff956b80000 - 0x00007ff956ca6000 	C:\WINDOWS\system32\RPCRT4.dll
0x00007ff954d00000 - 0x00007ff954e4e000 	C:\WINDOWS\system32\USER32.dll
0x00007ff956500000 - 0x00007ff956685000 	C:\WINDOWS\system32\GDI32.dll
0x00007ff94a370000 - 0x00007ff94a5e4000 	C:\WINDOWS\WinSxS\amd64_microsoft.windows.common-controls_6595b64144ccf1df_6.0.10240.16384_none_f41f7b285750ef43\COMCTL32.dll
0x00007ff954e50000 - 0x00007ff954e86000 	C:\WINDOWS\system32\IMM32.DLL
0x00007ff956e00000 - 0x00007ff956f5c000 	C:\WINDOWS\system32\MSCTF.dll
0x00000000544e0000 - 0x00000000545b2000 	C:\Program Files\Java\jre1.8.0_45\bin\msvcr100.dll
0x0000000053c50000 - 0x00000000544d3000 	C:\Program Files\Java\jre1.8.0_45\bin\server\jvm.dll
0x00007ff9570d0000 - 0x00007ff9570d8000 	C:\WINDOWS\system32\PSAPI.DLL
0x00007ff94a940000 - 0x00007ff94a949000 	C:\WINDOWS\SYSTEM32\WSOCK32.dll
0x00007ff9548b0000 - 0x00007ff954919000 	C:\WINDOWS\system32\WS2_32.dll
0x00007ff956690000 - 0x00007ff956698000 	C:\WINDOWS\system32\NSI.dll
0x00007ff951e30000 - 0x00007ff951e53000 	C:\WINDOWS\SYSTEM32\WINMM.dll
0x00007ff94b230000 - 0x00007ff94b23a000 	C:\WINDOWS\SYSTEM32\VERSION.dll
0x00007ff951e00000 - 0x00007ff951e2c000 	C:\WINDOWS\SYSTEM32\WINMMBASE.dll
0x00007ff953ed0000 - 0x00007ff953f14000 	C:\WINDOWS\system32\cfgmgr32.dll
0x00007ff953770000 - 0x00007ff953797000 	C:\WINDOWS\SYSTEM32\DEVOBJ.dll
0x0000000053c10000 - 0x0000000053c49000 	C:\Program Files\Java\jre1.8.0_45\bin\splashscreen.dll
0x00007ff952480000 - 0x00007ff952516000 	C:\WINDOWS\system32\uxtheme.dll
0x00007ff956780000 - 0x00007ff9569fc000 	C:\WINDOWS\system32\combase.dll
0x0000000053c00000 - 0x0000000053c0f000 	C:\Program Files\Java\jre1.8.0_45\bin\verify.dll
0x0000000053bd0000 - 0x0000000053bf9000 	C:\Program Files\Java\jre1.8.0_45\bin\java.dll
0x0000000053bb0000 - 0x0000000053bc6000 	C:\Program Files\Java\jre1.8.0_45\bin\zip.dll
0x00007ff93d8b0000 - 0x00007ff93d952000 	C:\Program Files\Common Files\microsoft shared\ink\tiptsf.dll
0x00007ff956f60000 - 0x00007ff95701e000 	C:\WINDOWS\system32\OLEAUT32.dll
0x00007ff953c00000 - 0x00007ff953c0f000 	C:\WINDOWS\system32\kernel.appcore.dll
0x00007ff953970000 - 0x00007ff9539db000 	C:\WINDOWS\SYSTEM32\bcryptPrimitives.dll
0x00007ff946b50000 - 0x00007ff946b58000 	C:\WINDOWS\SYSTEM32\gTabletTaskDll.dll
0x00007ff954e90000 - 0x00007ff954f35000 	C:\WINDOWS\system32\clbcatq.dll
0x00007ff93e950000 - 0x00007ff93ea9c000 	C:\Windows\System32\uiautomationcore.dll
0x00007ff953130000 - 0x00007ff95314f000 	C:\Windows\System32\USERENV.dll
0x00007ff953c10000 - 0x00007ff953c23000 	C:\WINDOWS\system32\profapi.dll
0x00007ff9533f0000 - 0x00007ff953407000 	C:\WINDOWS\SYSTEM32\cryptsp.dll
0x00007ff953ae0000 - 0x00007ff953b08000 	C:\WINDOWS\system32\bcrypt.dll
0x00007ff954f70000 - 0x00007ff956493000 	C:\WINDOWS\system32\SHELL32.dll
0x00007ff953f80000 - 0x00007ff9545a9000 	C:\WINDOWS\system32\windows.storage.dll
0x00007ff954af0000 - 0x00007ff954b41000 	C:\WINDOWS\system32\shlwapi.dll
0x00007ff9545b0000 - 0x00007ff954663000 	C:\WINDOWS\system32\shcore.dll
0x00007ff953bb0000 - 0x00007ff953bfa000 	C:\WINDOWS\system32\powrprof.dll
0x00007ff953040000 - 0x00007ff953073000 	C:\WINDOWS\system32\rsaenh.dll
0x00007ff953540000 - 0x00007ff95354b000 	C:\WINDOWS\SYSTEM32\CRYPTBASE.dll
0x00007ff9539e0000 - 0x00007ff953a78000 	C:\WINDOWS\SYSTEM32\sxs.dll
0x00007ff93d6c0000 - 0x00007ff93d729000 	C:\Windows\System32\OLEACC.dll
0x00007ff93dbc0000 - 0x00007ff93dc7a000 	C:\WINDOWS\SYSTEM32\twinapi.dll
0x00007ff952520000 - 0x00007ff95260e000 	C:\WINDOWS\SYSTEM32\twinapi.appcore.dll
0x00007ff956cb0000 - 0x00007ff956df1000 	C:\WINDOWS\system32\ole32.dll
0x0000000053a10000 - 0x0000000053ba8000 	C:\Program Files\Java\jre1.8.0_45\bin\awt.dll
0x00007ff952300000 - 0x00007ff952378000 	C:\WINDOWS\system32\apphelp.dll
0x00000000539e0000 - 0x0000000053a04000 	C:\Program Files\Java\jre1.8.0_45\bin\sunec.dll
0x00000000539c0000 - 0x00000000539da000 	C:\Program Files\Java\jre1.8.0_45\bin\net.dll
0x00007ff953390000 - 0x00007ff9533ed000 	C:\WINDOWS\system32\mswsock.dll
0x00007ff93bd10000 - 0x00007ff93bd25000 	C:\WINDOWS\system32\napinsp.dll
0x00007ff93c360000 - 0x00007ff93c37a000 	C:\WINDOWS\system32\pnrpnsp.dll
0x00007ff9501e0000 - 0x00007ff9501f8000 	C:\WINDOWS\system32\NLAapi.dll
0x00007ff953150000 - 0x00007ff9531f8000 	C:\WINDOWS\SYSTEM32\DNSAPI.dll
0x00007ff93ce20000 - 0x00007ff93ce2d000 	C:\WINDOWS\System32\winrnr.dll
0x0000000054f30000 - 0x0000000054f56000 	C:\Program Files\Bonjour\mdnsNSP.dll
0x00007ff94fa60000 - 0x00007ff94fa98000 	C:\WINDOWS\SYSTEM32\Iphlpapi.DLL
0x00007ff94f8a0000 - 0x00007ff94f8ab000 	C:\WINDOWS\SYSTEM32\WINNSI.DLL
0x00007ff93d7d0000 - 0x00007ff93d7e5000 	C:\WINDOWS\system32\wshbth.dll
0x00007ff949960000 - 0x00007ff94996a000 	C:\Windows\System32\rasadhlp.dll
0x00007ff94c130000 - 0x00007ff94c146000 	C:\WINDOWS\SYSTEM32\dhcpcsvc6.DLL
0x00007ff94c110000 - 0x00007ff94c12a000 	C:\WINDOWS\SYSTEM32\dhcpcsvc.DLL
0x00000000539a0000 - 0x00000000539b1000 	C:\Program Files\Java\jre1.8.0_45\bin\nio.dll
0x00007ff94c220000 - 0x00007ff94c288000 	C:\WINDOWS\System32\fwpuclnt.dll
0x00007ff9519d0000 - 0x00007ff9519f2000 	C:\WINDOWS\system32\DWMAPI.DLL
0x0000000053950000 - 0x0000000053997000 	C:\Program Files\Java\jre1.8.0_45\bin\fontmanager.dll
0x0000000053900000 - 0x0000000053941000 	C:\Program Files\Java\jre1.8.0_45\bin\t2k.dll
0x00000000538d0000 - 0x00000000538fc000 	C:\Program Files\Java\jre1.8.0_45\bin\prism_d3d.dll
0x00007ff929230000 - 0x00007ff929440000 	C:\WINDOWS\system32\d3d9.dll
0x00007ff927fe0000 - 0x00007ff928a4e000 	C:\WINDOWS\SYSTEM32\igdumdim64.dll
0x00007ff950670000 - 0x00007ff950acf000 	C:\WINDOWS\SYSTEM32\igdusc64.dll
0x0000000053880000 - 0x00000000538c1000 	C:\Program Files\Java\jre1.8.0_45\bin\glass.dll
0x00007ff9566a0000 - 0x00007ff956777000 	C:\WINDOWS\system32\COMDLG32.dll
0x0000000053860000 - 0x0000000053875000 	C:\Program Files\Java\jre1.8.0_45\bin\javafx_font.dll
0x00007ff948920000 - 0x00007ff948b79000 	C:\WINDOWS\SYSTEM32\dwrite.dll
0x00007ff9504b0000 - 0x00007ff950661000 	C:\WINDOWS\SYSTEM32\WindowsCodecs.dll
0x00007ff936ae0000 - 0x00007ff936b26000 	C:\WINDOWS\system32\dataexchange.dll
0x00007ff94c520000 - 0x00007ff94ca65000 	C:\WINDOWS\system32\d2d1.dll
0x00007ff951720000 - 0x00007ff9519c3000 	C:\WINDOWS\system32\d3d11.dll
0x00007ff951f30000 - 0x00007ff952001000 	C:\WINDOWS\system32\dcomp.dll
0x00007ff951680000 - 0x00007ff95171c000 	C:\WINDOWS\system32\dxgi.dll
0x0000000052480000 - 0x0000000053858000 	C:\Program Files\Java\jre1.8.0_45\bin\jfxwebkit.dll
0x0000000052460000 - 0x0000000052471000 	C:\Program Files\Java\jre1.8.0_45\bin\prism_common.dll

VM Arguments:
jvm_args: -Xms256m -Xmx512m 
java_command: C:\Users\Antoine\AppData\Roaming\.minecraft\minecraft launcher\Minecraft Launcher.exe
java_class_path (initial): C:\Users\Antoine\AppData\Roaming\.minecraft\minecraft launcher\Minecraft Launcher.exe
Launcher Type: SUN_STANDARD

Environment Variables:
JAVA_HOME=C:\Program Files\Java\jdk1.8.0_45
PATH=C:\Python34\;C:\Python27\Scripts;C:\Program Files (x86)\OpenSSH\bin;C:\WINDOWS\system32;C:\WINDOWS;C:\WINDOWS\System32\Wbem;C:\WINDOWS\System32\WindowsPowerShell\v1.0\;C:\android-ndk-r10e\;C:\Android-sdk\;C:\xampp\;C:\Android-sdk\platform-tools\;C:\MinGW\bin;C:\Program Files (x86)\Skype\Phone\;C:\Program Files\Java\;C:\Cygwin64\;C:\Program Files\Java\jdk1.8.0_45\bin;C:\Program Files (x86)\GtkSharp\2.12\bin;C:\MinGW\bin;C:\Program Files (x86)\Brackets\command;C:\Python34\;C:\Python27\Scripts;C:\Program Files (x86)\OpenSSH\bin;C:\WINDOWS\system32;C:\WINDOWS;C:\WINDOWS\System32\Wbem;C:\WINDOWS\System32\WindowsPowerShell\v1.0\;C:\android-ndk-r10e\;C:\Android-sdk\;C:\xampp\;C:\Android-sdk\platform-tools\;C:\MinGW\bin;C:\Program Files (x86)\Skype\Phone\;C:\Program Files\Java\;C:\Cygwin64\;C:\Program Files\Java\jdk1.8.0_45\bin;C:\Program Files (x86)\GtkSharp\2.12\bin;C:\MinGW\bin;C:\Program Files (x86)\Brackets\command;C:\Users\Antoine\AppData\Roaming\npm;C:\Program Files\Java\jre1.8.0_45\bin
USERNAME=Antoine
OS=Windows_NT
PROCESSOR_IDENTIFIER=Intel64 Family 6 Model 58 Stepping 9, GenuineIntel



---------------  S Y S T E M  ---------------

OS: Windows 10.0 , 64 bit Build 10240 (10.0.10240.16384)

CPU:total 2 (2 cores per cpu, 1 threads per core) family 6 model 58 stepping 9, cmov, cx8, fxsr, mmx, sse, sse2, sse3, ssse3, sse4.1, sse4.2, popcnt, clmul, erms, tsc, tscinvbit, tscinv

Memory: 4k page, physical 4051192k(528540k free), swap 5952516k(0k free)

vm_info: Java HotSpot(TM) 64-Bit Server VM (25.45-b02) for windows-amd64 JRE (1.8.0_45-b15), built on Apr 30 2015 12:40:44 by "java_re" with MS VC++ 10.0 (VS2010)

time: Tue Aug 23 22:29:41 2016
elapsed time: 15673 seconds (0d 4h 21m 13s)

