JvmtiExport can_access_local_variables 0
JvmtiExport can_hotswap_or_post_breakpoint 0
JvmtiExport can_post_on_exceptions 0
# 159 ciObject found
ciMethod java/lang/Object equals (Ljava/lang/Object;)Z 2065 1 8468 0 -1
ciMethod java/lang/System identityHashCode (Ljava/lang/Object;)I 2049 1 256 0 -1
ciMethod java/util/Map get (Ljava/lang/Object;)Ljava/lang/Object; 0 0 1 0 -1
ciMethod java/util/List contains (Ljava/lang/Object;)Z 0 0 1 0 -1
ciMethod java/util/List add (Ljava/lang/Object;)Z 0 0 1 0 -1
ciMethod java/util/ArrayList contains (Ljava/lang/Object;)Z 16385 1 4786 0 0
ciMethod java/util/ArrayList indexOf (Ljava/lang/Object;)I 2097 1817 2081 0 224
ciMethod java/awt/Component getParent ()Ljava/awt/Container; 2049 1 31196 0 -1
ciMethod java/awt/Component getX ()I 1025 1 128 0 -1
ciMethod java/awt/Component getY ()I 1025 1 128 0 -1
ciMethod java/awt/Component getWidth ()I 1273 1 159 0 -1
ciMethod java/awt/Component getHeight ()I 1241 1 155 0 -1
ciMethod java/util/IdentityHashMap maskNull (Ljava/lang/Object;)Ljava/lang/Object; 5977 1 6620 0 0
ciMethod java/util/IdentityHashMap hash (Ljava/lang/Object;I)I 5977 1 6620 0 0
ciMethod java/util/IdentityHashMap nextKeyIndex (II)I 33 1 2087 0 0
ciMethod java/util/IdentityHashMap get (Ljava/lang/Object;)Ljava/lang/Object; 16505 65 7191 0 416
ciMethod java/awt/Rectangle setBounds (Ljava/awt/Rectangle;)V 2049 1 8803 0 0
ciMethod java/awt/Rectangle setBounds (IIII)V 2129 1 13880 0 64
ciMethod java/awt/Rectangle reshape (IIII)V 2049 1 13917 0 0
ciMethod java/awt/Rectangle setLocation (II)V 2145 1 18476 0 0
ciMethod java/awt/Rectangle move (II)V 2145 1 18476 0 0
ciMethod java/awt/Rectangle isEmpty ()Z 2169 1 20108 0 0
ciMethod javax/swing/SwingUtilities computeIntersection (IIIILjava/awt/Rectangle;)Ljava/awt/Rectangle; 2257 1 5421 0 192
ciMethod javax/swing/SwingUtilities computeUnion (IIIILjava/awt/Rectangle;)Ljava/awt/Rectangle; 41 1 4680 0 0
ciMethod javax/swing/RepaintManager collectDirtyComponents (Ljava/util/Map;Ljava/awt/Component;Ljava/util/List;)V 2017 16393 1949 0 -1
ciMethodData java/util/ArrayList indexOf (Ljava/lang/Object;)I 2 16758 orig 264 136 112 34 84 0 0 0 0 248 193 62 19 0 0 0 0 104 2 0 0 120 0 0 0 0 0 0 0 0 0 0 0 0 0 0 0 0 0 0 0 0 0 0 0 0 0 0 0 0 0 0 0 0 0 0 0 0 0 0 0 0 0 0 0 0 0 0 0 0 0 0 0 0 0 0 0 0 0 0 0 77 68 79 32 101 120 116 114 97 32 100 97 116 97 32 108 111 99 107 0 0 0 0 0 0 0 0 0 0 0 0 0 0 0 0 0 0 0 0 0 0 0 0 0 0 0 0 0 0 0 0 0 0 0 0 0 0 0 0 0 0 0 0 0 0 0 0 0 0 0 0 0 0 0 0 0 0 0 0 0 0 0 0 0 0 0 0 0 0 0 0 0 0 0 0 0 0 0 0 0 0 0 0 0 0 0 0 0 0 0 0 0 0 0 0 0 0 0 0 0 0 0 0 0 0 0 0 0 0 0 0 0 0 0 0 0 6 1 0 0 217 56 0 0 153 4 2 0 0 0 0 0 0 0 0 0 2 0 0 0 2 0 16 0 2 0 0 0 24 1 0 0 255 255 255 255 7 0 1 0 0 0 0 0 data 35 0x10007 0x71b 0x90 0x0 0xb0007 0x0 0x58 0x0 0x140007 0x0 0x20 0x0 0x1c0003 0x0 0xffffffffffffffc0 0x1f0003 0x0 0xa0 0x290007 0x19e 0x88 0x4610 0x330005 0x45c9 0x1555a5d0 0x20 0x15be44f0 0x27 0x360007 0x4093 0x20 0x57d 0x3e0003 0x4093 0xffffffffffffff90 oops 2 24 javax/swing/JViewport 26 net/minecraft/launcher/ui/b/e
ciMethodData java/util/IdentityHashMap maskNull (Ljava/lang/Object;)Ljava/lang/Object; 2 6620 orig 264 136 112 34 84 0 0 0 0 248 254 118 19 0 0 0 0 88 1 0 0 0 0 0 0 0 0 0 0 0 0 0 0 0 0 0 0 0 0 0 0 0 0 0 0 0 0 0 0 0 0 0 0 0 0 0 0 0 0 0 0 0 0 0 0 0 0 0 0 0 0 0 0 0 0 0 0 0 0 0 0 77 68 79 32 101 120 116 114 97 32 100 97 116 97 32 108 111 99 107 0 0 0 0 0 0 0 0 0 0 0 0 0 0 0 0 0 0 0 0 0 0 0 0 0 0 0 0 0 0 0 0 0 0 0 0 0 0 0 0 0 0 0 0 0 0 0 0 0 0 0 0 0 0 0 0 0 0 0 0 0 0 0 0 0 0 0 0 0 0 0 0 0 0 0 0 0 0 0 0 0 0 0 0 0 0 0 0 0 0 0 0 0 0 0 0 0 0 0 0 0 0 0 0 0 0 0 0 0 0 0 0 0 0 0 0 0 0 1 0 0 161 183 0 0 1 0 0 0 0 0 0 0 0 0 0 0 2 0 0 0 0 0 3 0 2 0 0 0 56 0 0 0 255 255 255 255 7 0 1 0 0 0 0 0 data 7 0x10007 0x16f4 0x38 0x0 0x70003 0x0 0x18 oops 0
ciMethodData java/util/IdentityHashMap hash (Ljava/lang/Object;I)I 2 6620 orig 264 136 112 34 84 0 0 0 0 144 4 119 19 0 0 0 0 96 1 0 0 0 0 0 0 0 0 0 0 0 0 0 0 0 0 0 0 0 0 0 0 0 0 0 0 0 0 0 0 0 0 0 0 0 0 0 0 0 0 0 0 0 0 0 0 0 0 0 0 0 0 0 0 0 0 0 0 0 0 0 0 77 68 79 32 101 120 116 114 97 32 100 97 116 97 32 108 111 99 107 0 0 0 0 0 0 0 0 0 0 0 0 0 0 0 0 0 0 0 0 0 0 0 0 0 0 0 0 0 0 0 0 0 0 0 0 0 0 0 0 0 0 0 0 0 0 0 0 0 0 0 0 0 0 0 0 0 0 0 0 0 0 0 0 0 0 0 0 0 0 0 0 0 0 0 0 0 0 0 0 0 0 0 0 0 0 0 0 0 0 0 0 0 0 0 0 0 0 0 0 0 0 0 0 0 0 0 0 0 0 0 0 0 0 0 0 0 0 1 0 0 161 183 0 0 1 0 0 0 0 0 0 0 0 0 0 0 2 0 0 0 0 0 3 0 2 0 0 0 16 0 0 0 255 255 255 255 2 0 1 0 0 0 0 0 data 2 0x10002 0x16f4 oops 0
ciMethodData java/util/IdentityHashMap get (Ljava/lang/Object;)Ljava/lang/Object; 2 7191 orig 264 136 112 34 84 0 0 0 0 240 5 119 19 0 0 0 0 216 1 0 0 16 0 0 0 0 0 0 0 0 0 0 0 0 0 0 0 0 0 0 0 0 0 0 0 0 0 0 0 0 0 0 0 0 0 0 0 0 0 0 0 0 0 0 0 0 0 0 0 0 0 0 0 0 0 0 0 0 0 0 0 77 68 79 32 101 120 116 114 97 32 100 97 116 97 32 108 111 99 107 0 0 0 0 0 0 0 0 0 0 0 0 0 0 0 0 0 0 0 0 0 0 0 0 0 0 0 0 0 0 0 0 0 0 0 0 0 0 0 0 0 0 0 0 0 0 0 0 0 0 0 0 0 0 0 0 0 0 0 0 0 0 0 0 0 0 0 0 0 0 0 0 0 0 0 0 0 0 0 0 0 0 0 0 0 0 0 0 0 0 0 0 0 0 0 0 0 0 0 0 0 0 0 0 0 0 0 0 0 0 0 0 0 0 0 0 0 0 1 0 0 65 160 0 0 177 2 0 0 0 0 0 0 0 0 0 0 2 0 0 0 1 0 16 0 2 0 0 0 136 0 0 0 255 255 255 255 2 0 1 0 0 0 0 0 data 17 0x10002 0x1408 0x110002 0x1408 0x1f0007 0xcdf 0x20 0x77f 0x2b0007 0x56 0x20 0xc89 0x340002 0x56 0x390003 0x56 0xffffffffffffffb0 oops 0
ciMethodData java/util/IdentityHashMap nextKeyIndex (II)I 2 2087 orig 264 136 112 34 84 0 0 0 0 40 5 119 19 0 0 0 0 96 1 0 0 0 0 0 0 0 0 0 0 0 0 0 0 0 0 0 0 0 0 0 0 0 0 0 0 0 0 0 0 0 0 0 0 0 0 0 0 0 0 0 0 0 0 0 0 0 0 0 0 0 0 0 0 0 0 0 0 0 0 0 0 77 68 79 32 101 120 116 114 97 32 100 97 116 97 32 108 111 99 107 0 0 0 0 0 0 0 0 0 0 0 0 0 0 0 0 0 0 0 0 0 0 0 0 0 0 0 0 0 0 0 0 0 0 0 0 0 0 0 0 0 0 0 0 0 0 0 0 0 0 0 0 0 0 0 0 0 0 0 0 0 0 0 0 0 0 0 0 0 0 0 0 0 0 0 0 0 0 0 0 0 0 0 0 0 25 0 0 0 0 0 0 0 0 0 0 0 0 0 0 0 0 0 0 0 0 0 0 0 0 0 0 0 0 0 0 0 4 0 0 0 25 65 0 0 1 0 0 0 0 0 0 0 0 0 0 0 2 0 0 0 0 0 6 0 2 0 0 0 56 0 0 0 255 255 255 255 7 0 4 0 0 0 0 0 data 7 0x40007 0x0 0x38 0x823 0xa0003 0x823 0x18 oops 0
ciMethodData java/util/ArrayList contains (Ljava/lang/Object;)Z 2 4786 orig 264 136 112 34 84 0 0 0 0 40 193 62 19 0 0 0 0 184 1 0 0 0 0 0 0 0 0 0 0 0 0 0 0 0 0 0 0 0 0 0 0 0 0 0 0 0 0 0 0 0 0 0 0 0 0 0 0 0 0 0 0 0 0 0 0 0 0 0 0 0 0 0 0 0 0 0 0 0 0 0 0 77 68 79 32 101 120 116 114 97 32 100 97 116 97 32 108 111 99 107 0 0 0 0 0 0 0 0 0 0 0 0 0 0 0 0 0 0 0 0 0 0 0 0 0 0 0 0 0 0 0 0 0 0 0 0 0 0 0 0 0 0 0 0 0 0 0 0 0 0 0 0 0 0 0 0 0 0 0 0 0 0 0 0 0 0 0 0 0 0 0 0 0 0 0 0 0 0 0 0 0 0 0 0 0 0 0 0 0 0 0 0 0 0 0 0 0 0 0 0 0 0 0 0 0 0 0 0 0 0 0 0 0 0 0 0 0 0 1 0 0 145 85 0 0 1 0 0 0 0 0 0 0 0 0 0 0 2 0 0 0 0 0 6 0 2 0 0 0 104 0 0 0 255 255 255 255 5 0 2 0 0 0 0 0 data 13 0x20005 0x0 0x1555a730 0xab2 0x0 0x0 0x50007 0x985 0x38 0x12d 0x90003 0x12d 0x18 oops 1 2 java/util/ArrayList
ciMethodData javax/swing/SwingUtilities computeUnion (IIIILjava/awt/Rectangle;)Ljava/awt/Rectangle; 2 4680 orig 264 136 112 34 84 0 0 0 0 72 193 92 23 0 0 0 0 40 2 0 0 144 0 0 0 0 0 0 0 0 0 0 0 0 0 0 0 0 0 0 0 0 0 0 0 0 0 0 0 0 0 0 0 0 0 0 0 0 0 0 0 0 0 0 0 0 0 0 0 0 0 0 0 0 0 0 0 0 0 0 0 77 68 79 32 101 120 116 114 97 32 100 97 116 97 32 108 111 99 107 0 0 0 0 0 0 0 0 0 0 0 0 0 0 0 0 0 0 0 0 0 0 0 0 0 0 0 0 0 0 0 0 0 0 0 0 0 0 0 0 0 0 0 0 0 0 0 0 0 0 0 0 0 0 0 0 0 0 0 0 0 0 0 0 0 0 0 0 0 0 0 0 0 0 0 0 0 0 0 0 0 0 0 0 0 0 0 0 0 0 0 0 0 0 0 0 0 0 0 0 0 0 0 0 0 0 0 0 0 0 0 0 0 0 0 0 0 5 0 0 0 25 146 0 0 1 0 0 0 0 0 0 0 0 0 0 0 2 0 0 0 0 0 15 0 2 0 0 0 224 0 0 0 255 255 255 255 7 0 6 0 0 0 0 0 data 28 0x60007 0x11e7 0x38 0x5c 0xa0003 0x5c 0x18 0x220007 0x1232 0x38 0x11 0x280003 0x11 0x18 0x3e0007 0x1232 0x38 0x11 0x420003 0x11 0x18 0x5a0007 0x11e1 0x38 0x62 0x600003 0x62 0x18 oops 0
ciMethodData java/awt/Rectangle reshape (IIII)V 2 13917 orig 264 136 112 34 84 0 0 0 0 224 33 90 23 0 0 0 0 64 1 0 0 0 0 0 0 0 0 0 0 0 0 0 0 0 0 0 0 0 0 0 0 0 0 0 0 0 0 0 0 0 0 0 0 0 0 0 0 0 0 0 0 0 0 0 0 0 0 0 0 0 0 0 0 0 0 0 0 0 0 0 0 77 68 79 32 101 120 116 114 97 32 100 97 116 97 32 108 111 99 107 0 0 0 0 0 0 0 0 0 0 0 0 0 0 0 0 0 0 0 0 0 0 0 0 0 0 0 0 0 0 0 0 0 0 0 0 0 0 0 0 0 0 0 0 0 0 0 0 0 0 0 0 0 0 0 0 0 0 0 0 0 0 0 0 0 0 0 0 0 0 0 0 0 0 0 0 0 0 0 0 0 0 0 0 0 0 0 0 0 0 0 0 0 0 0 0 0 0 0 0 0 0 0 0 0 0 0 0 0 0 0 0 0 0 0 0 0 0 1 0 0 233 170 1 0 1 0 0 0 0 0 0 0 0 0 0 0 2 0 0 0 0 0 3 0 1 0 0 0 0 0 0 0 255 255 255 255 0 0 0 0 0 0 0 0 data 0 oops 0
ciMethodData java/awt/Rectangle setBounds (IIII)V 2 13880 orig 264 136 112 34 84 0 0 0 0 120 31 90 23 0 0 0 0 152 1 0 0 0 0 0 0 0 0 0 0 0 0 0 0 0 0 0 0 0 0 0 0 0 0 0 0 0 0 0 0 0 0 0 0 0 0 0 0 0 0 0 0 0 0 0 0 0 0 0 0 0 0 0 0 0 0 0 0 0 0 0 0 77 68 79 32 101 120 116 114 97 32 100 97 116 97 32 108 111 99 107 0 0 0 0 0 0 0 0 0 0 0 0 0 0 0 0 0 0 0 0 0 0 0 0 0 0 0 0 0 0 0 0 0 0 0 0 0 0 0 0 0 0 0 0 0 0 0 0 0 0 0 0 0 0 0 0 0 0 0 0 0 0 0 0 0 0 0 0 0 0 0 0 0 0 0 0 0 0 0 0 0 0 0 0 0 0 0 0 0 0 0 0 0 0 0 0 0 0 0 0 0 0 0 0 0 0 0 0 0 0 0 0 0 0 0 0 0 10 1 0 0 113 169 1 0 1 0 0 0 0 0 0 0 0 0 0 0 2 0 0 0 0 0 3 0 2 0 0 0 48 0 0 0 255 255 255 255 5 0 6 0 0 0 0 0 data 6 0x60005 0x0 0x1555a520 0x352e 0x0 0x0 oops 1 2 java/awt/Rectangle
ciMethodData javax/swing/SwingUtilities computeIntersection (IIIILjava/awt/Rectangle;)Ljava/awt/Rectangle; 2 5421 orig 264 136 112 34 84 0 0 0 0 40 192 92 23 0 0 0 0 104 2 0 0 200 0 0 0 0 0 0 0 0 0 0 0 0 0 0 0 0 0 0 0 0 0 0 0 0 0 0 0 0 0 0 0 0 0 0 0 0 0 0 0 0 0 0 0 0 0 0 0 0 0 0 0 0 0 0 0 0 0 0 0 77 68 79 32 101 120 116 114 97 32 100 97 116 97 32 108 111 99 107 0 0 0 0 0 0 0 0 0 0 0 0 0 0 0 0 0 0 0 0 0 0 0 0 0 0 0 0 0 0 0 0 0 0 0 0 0 0 0 0 0 0 0 0 0 0 0 0 0 0 0 0 0 0 0 0 0 0 0 0 0 0 0 0 0 0 0 0 0 0 0 0 0 0 0 0 0 0 0 0 0 0 0 0 0 0 0 0 0 0 0 0 0 0 0 0 0 0 0 0 0 0 0 0 0 0 0 0 0 0 0 0 0 0 0 0 0 26 1 0 0 153 160 0 0 1 0 0 0 0 0 0 0 0 0 0 0 2 0 0 0 0 0 21 0 2 0 0 0 32 1 0 0 255 255 255 255 7 0 6 0 0 0 0 0 data 36 0x60007 0x1348 0x38 0xcb 0xa0003 0xcb 0x18 0x220007 0x1339 0x38 0xda 0x280003 0xda 0x18 0x3e0007 0x1346 0x38 0xcd 0x420003 0xcd 0x18 0x5a0007 0x1348 0x38 0xcb 0x600003 0xcb 0x18 0x970007 0x0 0x40 0x1413 0x9f0007 0x1413 0x20 0x0 oops 0
ciMethodData java/awt/Rectangle isEmpty ()Z 2 20108 orig 264 136 112 34 84 0 0 0 0 152 53 90 23 0 0 0 0 120 1 0 0 32 0 0 0 0 0 0 0 0 0 0 0 0 0 0 0 0 0 0 0 0 0 0 0 0 0 0 0 0 0 0 0 0 0 0 0 0 0 0 0 0 0 0 0 0 0 0 0 0 0 0 0 0 0 0 0 0 0 0 0 77 68 79 32 101 120 116 114 97 32 100 97 116 97 32 108 111 99 107 0 0 0 0 0 0 0 0 0 0 0 0 0 0 0 0 0 0 0 0 0 0 0 0 0 0 0 0 0 0 0 0 0 0 0 0 0 0 0 0 0 0 0 0 0 0 0 0 0 0 0 0 0 0 0 0 0 0 0 0 0 0 0 0 0 0 0 0 0 0 0 0 0 0 0 0 0 0 0 0 0 0 0 0 0 0 0 0 0 0 0 0 0 0 0 0 0 0 0 0 0 0 0 0 0 0 0 0 0 0 0 0 0 0 0 0 0 15 1 0 0 233 107 2 0 1 0 0 0 0 0 0 0 0 0 0 0 2 0 0 0 0 0 9 0 2 0 0 0 88 0 0 0 255 255 255 255 7 0 4 0 0 0 0 0 data 11 0x40007 0x0 0x40 0x4d7d 0xb0007 0x4d7d 0x38 0x0 0xf0003 0x0 0x18 oops 0
ciMethodData java/awt/Rectangle setBounds (Ljava/awt/Rectangle;)V 2 8803 orig 264 136 112 34 84 0 0 0 0 224 30 90 23 0 0 0 0 128 1 0 0 0 0 0 0 0 0 0 0 0 0 0 0 0 0 0 0 0 0 0 0 0 0 0 0 0 0 0 0 0 0 0 0 0 0 0 0 0 0 0 0 0 0 0 0 0 0 0 0 0 0 0 0 0 0 0 0 0 0 0 0 77 68 79 32 101 120 116 114 97 32 100 97 116 97 32 108 111 99 107 0 0 0 0 0 0 0 0 0 0 0 0 0 0 0 0 0 0 0 0 0 0 0 0 0 0 0 0 0 0 0 0 0 0 0 0 0 0 0 0 0 0 0 0 0 0 0 0 0 0 0 0 0 0 0 0 0 0 0 0 0 0 0 0 0 0 0 0 0 0 0 0 0 0 0 0 0 0 0 0 0 0 0 0 0 0 0 0 0 0 0 0 0 0 0 0 0 0 0 0 0 0 0 0 0 0 0 0 0 0 0 0 0 0 0 0 0 0 1 0 0 25 11 1 0 1 0 0 0 0 0 0 0 0 0 0 0 2 0 0 0 0 0 3 0 2 0 0 0 48 0 0 0 255 255 255 255 5 0 17 0 0 0 0 0 data 6 0x110005 0x0 0x1555a520 0x2163 0x0 0x0 oops 1 2 java/awt/Rectangle
ciMethodData java/awt/Rectangle setLocation (II)V 2 18476 orig 264 136 112 34 84 0 0 0 0 184 35 90 23 0 0 0 0 136 1 0 0 0 0 0 0 0 0 0 0 0 0 0 0 0 0 0 0 0 0 0 0 0 0 0 0 0 0 0 0 0 0 0 0 0 0 0 0 0 0 0 0 0 0 0 0 0 0 0 0 0 0 0 0 0 0 0 0 0 0 0 0 77 68 79 32 101 120 116 114 97 32 100 97 116 97 32 108 111 99 107 0 0 0 0 0 0 0 0 0 0 0 0 0 0 0 0 0 0 0 0 0 0 0 0 0 0 0 0 0 0 0 0 0 0 0 0 0 0 0 0 0 0 0 0 0 0 0 0 0 0 0 0 0 0 0 0 0 0 0 0 0 0 0 0 0 0 0 0 0 0 0 0 0 0 0 0 0 0 0 0 0 0 0 0 0 0 0 0 0 0 0 0 0 0 0 0 0 0 0 0 0 0 0 0 0 0 0 0 0 0 0 0 0 0 0 0 0 12 1 0 0 1 57 2 0 1 0 0 0 0 0 0 0 0 0 0 0 2 0 0 0 0 0 3 0 2 0 0 0 48 0 0 0 255 255 255 255 5 0 3 0 0 0 0 0 data 6 0x30005 0x0 0x1555a520 0x4720 0x0 0x0 oops 1 2 java/awt/Rectangle
ciMethodData java/awt/Rectangle move (II)V 2 18476 orig 264 136 112 34 84 0 0 0 0 88 36 90 23 0 0 0 0 48 1 0 0 0 0 0 0 0 0 0 0 0 0 0 0 0 0 0 0 0 0 0 0 0 0 0 0 0 0 0 0 0 0 0 0 0 0 0 0 0 0 0 0 0 0 0 0 0 0 0 0 0 0 0 0 0 0 0 0 0 0 0 0 77 68 79 32 101 120 116 114 97 32 100 97 116 97 32 108 111 99 107 0 0 0 0 0 0 0 0 0 0 0 0 0 0 0 0 0 0 0 0 0 0 0 0 0 0 0 0 0 0 0 0 0 0 0 0 0 0 0 0 0 0 0 0 0 0 0 0 0 0 0 0 0 0 0 0 0 0 0 0 0 0 0 0 0 0 0 0 0 0 0 0 0 0 0 0 0 0 0 0 0 0 0 0 0 0 0 0 0 0 0 0 0 0 0 0 0 0 0 0 0 0 0 0 0 0 0 0 0 0 0 0 0 0 0 0 0 12 1 0 0 1 57 2 0 1 0 0 0 0 0 0 0 0 0 0 0 2 0 0 0 0 0 3 0 1 0 0 0 0 0 0 0 255 255 255 255 0 0 0 0 0 0 0 0 data 0 oops 0
ciMethodData javax/swing/RepaintManager collectDirtyComponents (Ljava/util/Map;Ljava/awt/Component;Ljava/util/List;)V 2 18441 orig 264 136 112 34 84 0 0 0 0 160 100 1 24 0 0 0 0 216 6 0 0 232 4 0 0 0 0 0 0 0 0 0 0 0 0 0 0 0 0 0 0 0 0 0 0 0 0 0 0 0 0 0 0 0 0 0 0 0 0 0 0 0 0 0 0 0 0 0 0 0 0 0 0 0 0 0 0 0 0 0 0 77 68 79 32 101 120 116 114 97 32 100 97 116 97 32 108 111 99 107 0 0 0 0 0 0 0 0 0 0 0 0 0 0 0 0 0 0 0 0 0 0 0 0 0 0 0 0 0 0 0 0 0 0 0 0 0 0 0 0 0 0 0 0 0 0 0 0 0 0 0 0 0 0 0 0 0 0 0 0 0 0 0 0 0 0 0 0 0 0 0 0 0 0 0 0 0 0 0 0 0 0 0 0 0 0 0 0 0 0 0 0 0 0 0 0 0 0 0 0 0 0 0 0 0 0 0 0 0 0 0 0 0 0 0 0 0 1 8 0 0 9 53 0 0 65 0 2 0 0 0 0 0 0 0 0 0 2 0 0 0 1 0 35 0 2 0 0 0 120 5 0 0 255 255 255 255 5 0 7 0 0 0 0 0 data 175 0x70005 0x670 0x1555a310 0x15 0x1555a3c0 0x1c 0xd0005 0x670 0x1555a310 0x15 0x1555a3c0 0x1c 0x130005 0x670 0x1555a310 0x15 0x1555a3c0 0x1c 0x190005 0x670 0x1555a310 0x15 0x1555a3c0 0x1c 0x300005 0x0 0x1555a470 0x6a1 0x0 0x0 0x350004 0x0 0x1555a520 0x6a1 0x0 0x0 0x380005 0x0 0x1555a520 0x6a1 0x0 0x0 0x450002 0x6a1 0x4d0005 0x0 0x1555a520 0x6a1 0x0 0x0 0x500007 0x6a1 0x20 0x0 0x560004 0xfffffffffffff961 0x1555a310 0x15 0x1555a5d0 0x4b2 0x590007 0x3ed6 0x38 0x69f 0x5c0003 0x69f 0x238 0x610005 0x3a0f 0x1555a310 0x15 0x1555a5d0 0x4b2 0x680007 0x3ed4 0x38 0x2 0x6b0003 0x2 0x1d0 0x980005 0x0 0x1555a520 0x3ed4 0x0 0x0 0x9d0005 0x3a0d 0x1555a5d0 0x4b2 0x1555a680 0x15 0xa40005 0x3a0d 0x1555a5d0 0x4b2 0x1555a680 0x15 0xab0005 0x3a0d 0x1555a5d0 0x4b2 0x1555a680 0x15 0xb20005 0x3a0d 0x1555a5d0 0x4b2 0x1555a680 0x15 0xc20002 0x3ed4 0xcc0005 0x0 0x1555a520 0x3ed4 0x0 0x0 0xcf0007 0x3ed4 0x20 0x0 0xd60005 0x0 0x1555a470 0x3ed4 0x0 0x0 0xdb0007 0x3da0 0xfffffffffffffdb0 0x134 0xea0003 0x134 0xfffffffffffffd90 0xf00007 0x588 0xc0 0x119 0x1110005 0x0 0x1555a520 0x119 0x0 0x0 0x1170005 0x0 0x1555a470 0x119 0x0 0x0 0x11c0004 0x0 0x1555a520 0x119 0x0 0x0 0x13f0002 0x119 0x1460005 0x0 0x1555a730 0x6a1 0x0 0x0 0x14b0007 0x119 0x50 0x588 0x1510005 0x0 0x1555a730 0x588 0x0 0x0 oops 32 2 javax/swing/plaf/basic/BasicComboPopup$1 4 com/teamextreme/fyre/d/i 8 javax/swing/plaf/basic/BasicComboPopup$1 10 com/teamextreme/fyre/d/i 14 javax/swing/plaf/basic/BasicComboPopup$1 16 com/teamextreme/fyre/d/i 20 javax/swing/plaf/basic/BasicComboPopup$1 22 com/teamextreme/fyre/d/i 26 java/util/IdentityHashMap 32 java/awt/Rectangle 38 java/awt/Rectangle 46 java/awt/Rectangle 56 javax/swing/plaf/basic/BasicComboPopup$1 58 javax/swing/JViewport 69 javax/swing/plaf/basic/BasicComboPopup$1 71 javax/swing/JViewport 82 java/awt/Rectangle 88 javax/swing/JViewport 90 javax/swing/JScrollPane 94 javax/swing/JViewport 96 javax/swing/JScrollPane 100 javax/swing/JViewport 102 javax/swing/JScrollPane 106 javax/swing/JViewport 108 javax/swing/JScrollPane 114 java/awt/Rectangle 124 java/util/IdentityHashMap 141 java/awt/Rectangle 147 java/util/IdentityHashMap 153 java/awt/Rectangle 161 java/util/ArrayList 171 java/util/ArrayList
instanceKlass sun/awt/EventQueueDelegate$Delegate
instanceKlass net/minecraft/launcher/ui/b/c$2$1
instanceKlass net/minecraft/launcher/ui/b/c$3
instanceKlass java/lang/ProcessImpl$2
instanceKlass java/lang/Process
instanceKlass java/lang/ProcessBuilder
instanceKlass com/mojang/launcher/b/a/a
instanceKlass com/google/common/collect/AbstractMapBasedMultimap$KeySet$1
instanceKlass com/mojang/launcher/c
instanceKlass net/minecraft/launcher/ui/b/c$2
instanceKlass net/minecraft/launcher/ui/b/c$1
instanceKlass com/google/common/util/concurrent/Uninterruptibles
instanceKlass com/google/common/util/concurrent/Futures$5
instanceKlass com/google/common/collect/Ordering
instanceKlass com/google/common/util/concurrent/Futures$3
instanceKlass com/google/common/util/concurrent/CheckedFuture
instanceKlass com/google/common/util/concurrent/Futures$FutureCombiner
instanceKlass com/google/common/util/concurrent/AsyncFunction
instanceKlass com/google/common/util/concurrent/Futures
instanceKlass net/minecraft/launcher/b$2
instanceKlass com/google/common/util/concurrent/ExecutionList
instanceKlass com/google/common/util/concurrent/AbstractFuture
instanceKlass com/google/common/util/concurrent/ListenableFuture
instanceKlass net/minecraft/launcher/game/a$1
instanceKlass com/mojang/launcher/b/a/c$1
instanceKlass com/google/common/base/Predicates
instanceKlass com/mojang/launcher/a/a
instanceKlass com/mojang/launcher/b/a/c
instanceKlass java/nio/file/attribute/FileTime
instanceKlass net/minecraft/launcher/b$7
instanceKlass org/apache/commons/lang3/time/DurationFormatUtils$Token
instanceKlass org/apache/commons/lang3/time/DurationFormatUtils
instanceKlass sun/awt/SunToolkit$1
instanceKlass java/awt/KeyboardFocusManager$2
instanceKlass com/mojang/launcher/updater/download/assets/AssetIndex$AssetObject
instanceKlass com/mojang/launcher/updater/download/assets/AssetIndex
instanceKlass com/mojang/launcher/updater/download/DownloadJob$1
instanceKlass net/minecraft/launcher/b$6
instanceKlass com/mojang/launcher/updater/a
instanceKlass com/mojang/launcher/updater/download/e
instanceKlass org/apache/commons/lang3/time/StopWatch
instanceKlass com/mojang/launcher/updater/download/DownloadJob
instanceKlass org/apache/commons/io/filefilter/TrueFileFilter
instanceKlass org/apache/commons/io/filefilter/ConditionalFileFilter
instanceKlass org/apache/commons/io/FilenameUtils
instanceKlass org/apache/commons/io/IOCase
instanceKlass org/apache/commons/io/filefilter/AbstractFileFilter
instanceKlass org/apache/commons/io/filefilter/FileFilterUtils
instanceKlass net/minecraft/launcher/b$10
instanceKlass net/minecraft/launcher/game/GameLaunchDispatcher$1
instanceKlass com/google/common/collect/HashBiMap$Itr
instanceKlass com/google/common/base/Objects
instanceKlass java/lang/ref/ReferenceQueue$1
instanceKlass java/util/ArrayList$1
instanceKlass sun/security/ssl/SecureKey
instanceKlass com/sun/webkit/Disposer$DisposerRunnable
instanceKlass java/util/WeakHashMap$1
instanceKlass javax/swing/plaf/basic/BasicPopupMenuUI$MouseGrabber$2
instanceKlass javax/swing/Autoscroller
instanceKlass javax/swing/RepaintManager$3
instanceKlass sun/awt/ModalExclude
instanceKlass javax/swing/PopupFactory
instanceKlass javax/swing/plaf/basic/BasicPopupMenuUI$MouseGrabber$1
instanceKlass com/sun/javafx/tk/quantum/EmbeddedStage$$Lambda$207
instanceKlass javafx/embed/swing/JFXPanel$$Lambda$206
instanceKlass javax/swing/Timer$1
instanceKlass javax/swing/TimerQueue$DelayedTimer
instanceKlass com/sun/java/swing/plaf/windows/AnimationController$AnimationState
instanceKlass com/sun/java/swing/plaf/windows/AnimationController$1
instanceKlass com/sun/webkit/event/WCMouseEvent
instanceKlass javafx/scene/Node$$Lambda$205
instanceKlass com/sun/glass/ui/View$$Lambda$204
instanceKlass java/util/EnumMap$EnumMapIterator
instanceKlass com/sun/javafx/scene/input/PickResultChooser
instanceKlass com/sun/javafx/geom/PickRay
instanceKlass javafx/geometry/Point2D
instanceKlass com/sun/javafx/scene/input/InputEventUtils
instanceKlass javafx/scene/input/PickResult
instanceKlass javafx/scene/input/MouseEvent$Flags
instanceKlass com/sun/javafx/tk/quantum/EmbeddedScene$$Lambda$203
instanceKlass java/lang/invoke/LambdaForm$DMH
instanceKlass java/lang/invoke/LambdaForm$MH
instanceKlass java/lang/invoke/LambdaForm$DMH
instanceKlass java/lang/invoke/LambdaForm$DMH
instanceKlass com/sun/javafx/tk/quantum/EmbeddedScene$$Lambda$202
instanceKlass java/lang/invoke/LambdaForm$DMH
instanceKlass javafx/embed/swing/SwingEvents
instanceKlass java/awt/AWTEvent$2
instanceKlass java/awt/LightweightDispatcher$1
instanceKlass java/awt/Container$MouseEventTargetFilter
instanceKlass java/awt/Container$EventTargetFilter
instanceKlass com/sun/prism/shader/FillPgram_ImagePattern_Loader
instanceKlass com/sun/prism/shader/Texture_LinearGradient_PAD_Loader
instanceKlass com/sun/javafx/geom/Path2D$Iterator
instanceKlass com/sun/scenario/effect/impl/BufferUtil$$Lambda$201
instanceKlass com/sun/scenario/effect/impl/BufferUtil
instanceKlass com/sun/scenario/effect/impl/state/BoxRenderState$1
instanceKlass com/sun/scenario/effect/ImageData$$Lambda$200
instanceKlass com/sun/prism/shader/Texture_Color_Loader
instanceKlass com/sun/prism/impl/shape/NativePiscesRasterizer$$Lambda$199
instanceKlass com/sun/prism/impl/shape/NativePiscesRasterizer
instanceKlass com/sun/prism/impl/shape/ShapeRasterizer
instanceKlass com/sun/prism/impl/shape/ShapeUtil
instanceKlass com/sun/javafx/geom/transform/AffineBase$1
instanceKlass com/sun/scenario/effect/impl/prism/ps/PPSRenderer$1
instanceKlass com/sun/scenario/effect/impl/hw/d3d/D3DShaderSource
instanceKlass com/sun/scenario/effect/impl/hw/ShaderSource
instanceKlass com/sun/scenario/effect/FloatMap
instanceKlass com/sun/scenario/effect/impl/EffectPeer
instanceKlass com/sun/prism/d3d/D3DPipeline$1
instanceKlass com/sun/scenario/effect/impl/prism/PrTexture
instanceKlass com/sun/scenario/effect/impl/PoolFilterable
instanceKlass com/sun/scenario/effect/impl/RendererFactory$$Lambda$198
instanceKlass com/sun/scenario/effect/impl/RendererFactory
instanceKlass com/sun/scenario/effect/impl/Renderer$$Lambda$197
instanceKlass com/sun/scenario/effect/impl/Renderer
instanceKlass com/sun/javafx/sg/prism/NodeEffectInput$1
instanceKlass com/sun/scenario/effect/ImageData
instanceKlass java/lang/invoke/LambdaForm$MH
instanceKlass com/sun/scenario/effect/impl/state/LinearConvolveRenderState$$Lambda$196
instanceKlass java/lang/invoke/LambdaForm$DMH
instanceKlass java/lang/invoke/LambdaForm$DMH
instanceKlass com/sun/scenario/effect/impl/ImagePool$$Lambda$195
instanceKlass com/sun/scenario/effect/impl/ImagePool
instanceKlass com/sun/scenario/effect/impl/prism/PrRenderInfo
instanceKlass com/sun/scenario/effect/ImageDataRenderer
instanceKlass com/sun/javafx/geom/transform/Affine2D$1
instanceKlass com/sun/scenario/effect/impl/prism/PrEffectHelper
instanceKlass com/sun/prism/shader/FillPgram_LinearGradient_PAD_Loader
instanceKlass com/sun/javafx/image/impl/ByteRgba$Accessor
instanceKlass com/sun/javafx/image/impl/ByteRgba
instanceKlass com/sun/javafx/image/impl/ByteBgraPre$Accessor
instanceKlass com/sun/javafx/image/impl/ByteBgraPre
instanceKlass com/sun/javafx/image/impl/BaseByteToByteConverter
instanceKlass com/sun/javafx/image/ByteToBytePixelConverter
instanceKlass com/sun/javafx/image/PixelConverter
instanceKlass com/sun/javafx/image/impl/ByteBgra$Accessor
instanceKlass com/sun/javafx/image/BytePixelAccessor
instanceKlass com/sun/javafx/image/BytePixelSetter
instanceKlass com/sun/javafx/image/PixelSetter
instanceKlass com/sun/javafx/image/BytePixelGetter
instanceKlass com/sun/javafx/image/impl/ByteBgra
instanceKlass com/sun/prism/Image$1
instanceKlass com/sun/javafx/image/PixelGetter
instanceKlass com/sun/prism/Image$Accessor
instanceKlass com/sun/prism/Image
instanceKlass com/sun/prism/image/CompoundImage
instanceKlass com/sun/webkit/event/WCFocusEvent
instanceKlass com/sun/javafx/embed/AbstractEvents
instanceKlass com/sun/webkit/dom/EventListenerImpl
instanceKlass org/w3c/dom/html/HTMLAnchorElement
instanceKlass org/w3c/dom/html/HTMLElement
instanceKlass org/w3c/dom/Element
instanceKlass com/sun/prism/impl/ps/PaintHelper
instanceKlass com/sun/webkit/dom/NodeListImpl$SelfDisposer
instanceKlass com/sun/webkit/dom/NodeListImpl
instanceKlass org/w3c/dom/NodeList
instanceKlass org/w3c/dom/html/HTMLDocument
instanceKlass com/sun/prism/paint/Stop
instanceKlass com/sun/javafx/sg/prism/RegionImageCache$CachedImage
instanceKlass com/sun/prism/impl/BaseResourceFactory$1
instanceKlass com/sun/javafx/sg/prism/RegionImageCache
instanceKlass org/w3c/dom/events/DocumentEvent
instanceKlass org/w3c/dom/views/DocumentView
instanceKlass org/w3c/dom/xpath/XPathEvaluator
instanceKlass org/w3c/dom/Document
instanceKlass netscape/javascript/JSObject
instanceKlass org/w3c/dom/events/EventTarget
instanceKlass org/w3c/dom/Node
instanceKlass net/minecraft/launcher/ui/b/a/b$1$1$1
instanceKlass com/sun/prism/d3d/D3DTexture$1
instanceKlass com/sun/prism/impl/packrect/Level
instanceKlass com/sun/prism/impl/shape/MaskData
instanceKlass javafx/concurrent/Service$$Lambda$194
instanceKlass com/sun/javafx/iio/gif/GIFImageLoader2$LZWDecoder
instanceKlass com/sun/prism/impl/GlyphCache$GlyphData
instanceKlass com/sun/javafx/iio/ImageMetadata
instanceKlass com/sun/javafx/iio/common/ImageLoaderImpl
instanceKlass com/sun/javafx/iio/common/ImageTools
instanceKlass com/sun/javafx/iio/ImageFormatDescription$Signature
instanceKlass com/sun/javafx/iio/common/ImageDescriptor
instanceKlass com/sun/javafx/iio/bmp/BMPImageLoaderFactory
instanceKlass com/sun/javafx/iio/png/PNGImageLoaderFactory
instanceKlass com/sun/javafx/iio/jpeg/JPEGImageLoaderFactory
instanceKlass com/sun/javafx/iio/ImageFormatDescription
instanceKlass com/sun/javafx/iio/ImageLoader
instanceKlass com/sun/javafx/iio/gif/GIFImageLoaderFactory
instanceKlass com/sun/javafx/iio/ImageLoaderFactory
instanceKlass com/sun/javafx/iio/ImageStorage
instanceKlass com/sun/prism/shader/Solid_TextureSecondPassLCD_Loader
instanceKlass java/lang/invoke/LambdaForm$MH
instanceKlass java/lang/invoke/LambdaForm$DMH
instanceKlass java/lang/invoke/LambdaForm$DMH
instanceKlass javafx/concurrent/Task$$Lambda$193
instanceKlass java/lang/invoke/LambdaForm$DMH
instanceKlass javafx/concurrent/Service$$Lambda$192
instanceKlass javafx/concurrent/Service$$Lambda$191
instanceKlass javafx/concurrent/Task$3
instanceKlass javafx/concurrent/EventHelper
instanceKlass javafx/concurrent/Service$2
instanceKlass javafx/beans/property/StringPropertyBase$Listener
instanceKlass javafx/beans/property/BooleanPropertyBase$Listener
instanceKlass javafx/beans/property/DoublePropertyBase$Listener
instanceKlass javafx/beans/property/ObjectPropertyBase$Listener
instanceKlass javafx/concurrent/Task$TaskCallable
instanceKlass com/sun/javafx/webkit/prism/WCImageDecoderImpl$$Lambda$190
instanceKlass com/sun/javafx/iio/ImageFrame
instanceKlass javafx/concurrent/Service$$Lambda$189
instanceKlass javafx/concurrent/Service$$Lambda$188
instanceKlass javafx/concurrent/Service$$Lambda$187
instanceKlass java/lang/invoke/LambdaForm$DMH
instanceKlass javafx/concurrent/Service$$Lambda$186
instanceKlass com/sun/prism/shader/Solid_TextureFirstPassLCD_Loader
instanceKlass com/sun/prism/impl/packrect/RectanglePacker
instanceKlass com/sun/prism/impl/GlyphCache
instanceKlass com/sun/javafx/text/TextRun
instanceKlass com/sun/javafx/scene/text/GlyphList
instanceKlass com/sun/javafx/webkit/prism/TextUtilities
instanceKlass com/sun/javafx/geom/transform/TransformHelper
instanceKlass com/sun/javafx/webkit/prism/WCImageDecoderImpl$2
instanceKlass javafx/concurrent/Service
instanceKlass com/sun/javafx/iio/ImageLoadListener
instanceKlass java/text/StringCharacterIterator
instanceKlass java/text/BreakIterator$BreakIteratorCache
instanceKlass sun/text/SupplementaryCharacterData
instanceKlass sun/text/CompactByteArray
instanceKlass sun/util/locale/provider/RuleBasedBreakIterator$1
instanceKlass com/sun/webkit/text/TextBreakIterator$CacheKey
instanceKlass com/sun/webkit/text/TextBreakIterator
instanceKlass com/sun/javafx/font/directwrite/DWRITE_GLYPH_METRICS
instanceKlass com/sun/javafx/font/directwrite/DWRITE_GLYPH_RUN
instanceKlass com/sun/javafx/font/directwrite/RECT
instanceKlass com/sun/javafx/font/directwrite/D2D1_MATRIX_3X2_F
instanceKlass com/sun/javafx/font/directwrite/D2D1_COLOR_F
instanceKlass com/sun/javafx/font/directwrite/DWGlyph
instanceKlass com/sun/javafx/font/CMap
instanceKlass com/sun/javafx/font/Glyph
instanceKlass com/sun/javafx/font/PrismMetrics
instanceKlass com/sun/javafx/font/WindowsFontMap$FamilyDescription
instanceKlass com/sun/javafx/font/WindowsFontMap
instanceKlass com/sun/javafx/font/Disposer$1
instanceKlass com/sun/javafx/font/Disposer
instanceKlass com/sun/javafx/font/CompositeStrikeDisposer
instanceKlass com/sun/javafx/font/Metrics
instanceKlass com/sun/javafx/font/CompositeStrike
instanceKlass com/sun/javafx/font/FontStrikeDesc
instanceKlass com/sun/javafx/font/PrismFontFactory$TTFilter
instanceKlass com/sun/javafx/font/PrismFontFactory$$Lambda$185
instanceKlass com/sun/javafx/tk/quantum/EmbeddedStage$$Lambda$184
instanceKlass java/text/AttributedString$AttributedStringIterator
instanceKlass java/text/AttributedCharacterIterator
instanceKlass java/text/AttributedString
instanceKlass sun/awt/im/CompositionAreaHandler
instanceKlass javafx/embed/swing/InputMethodSupport$InputMethodRequestsAdapter
instanceKlass java/awt/KeyboardFocusManager$3
instanceKlass java/lang/invoke/LambdaForm$MH
instanceKlass java/lang/invoke/LambdaForm$DMH
instanceKlass java/lang/invoke/LambdaForm$DMH
instanceKlass com/sun/javafx/tk/quantum/EmbeddedScene$$Lambda$183
instanceKlass java/util/function/Supplier
instanceKlass java/lang/invoke/LambdaForm$DMH
instanceKlass java/awt/geom/RectIterator
instanceKlass java/awt/geom/PathIterator
instanceKlass sun/java2d/loops/FontInfo
instanceKlass java/awt/PrintGraphics
instanceKlass java/awt/print/PrinterGraphics
instanceKlass sun/swing/ImageCache$Entry
instanceKlass com/sun/java/swing/plaf/windows/AnimationController$PartUIClientPropertyKey
instanceKlass com/sun/java/swing/plaf/windows/AnimationController
instanceKlass com/sun/java/swing/plaf/windows/WindowsButtonUI$1
instanceKlass sun/java2d/pipe/AlphaPaintPipe$TileContext
instanceKlass java/awt/GradientPaintContext
instanceKlass java/awt/PaintContext
instanceKlass java/awt/GradientPaint
instanceKlass sun/java2d/opengl/OGLGraphicsConfig
instanceKlass sun/awt/SunGraphicsCallback
instanceKlass sun/java2d/pipe/hw/AccelSurface
instanceKlass javax/swing/RepaintManager$4
instanceKlass java/awt/KeyboardFocusManager$LightweightFocusRequest
instanceKlass java/awt/DefaultKeyboardFocusManager$TypeAheadMarker
instanceKlass java/awt/KeyboardFocusManager$HeavyweightFocusRequest
instanceKlass java/awt/SequencedEvent$1
instanceKlass sun/awt/AWTAccessor$SequencedEventAccessor
instanceKlass java/awt/SplashScreen
instanceKlass net/minecraft/launcher/b$5
instanceKlass java/io/FileOutputStream$1
instanceKlass com/google/common/collect/TransformedIterator
instanceKlass com/google/common/collect/LinkedHashMultimap$1
instanceKlass com/mojang/authlib/yggdrasil/response/User
instanceKlass javax/swing/text/html/StyleSheet$1
instanceKlass javax/swing/text/html/CSSBorder$StrokePainter
instanceKlass javax/swing/text/html/CSSBorder$SolidPainter
instanceKlass javax/swing/text/html/CSSBorder$NullPainter
instanceKlass javax/swing/text/html/CSSBorder$BorderPainter
instanceKlass javax/swing/text/html/StyleSheet$BoxPainter
instanceKlass javax/swing/text/html/StyleSheet$SearchBuffer
instanceKlass javax/swing/text/html/MuxingAttributeSet
instanceKlass javax/swing/text/GapContent$UndoPosRef
instanceKlass javax/swing/text/html/parser/ContentModelState
instanceKlass javax/swing/text/html/parser/TagStack
instanceKlass javax/swing/text/html/parser/TagElement
instanceKlass javax/swing/text/html/parser/Parser
instanceKlass javax/swing/text/html/HTMLDocument$HTMLReader$TagAction
instanceKlass javax/swing/text/html/HTMLEditorKit$ParserCallback
instanceKlass javax/swing/text/html/parser/AttributeList
instanceKlass javax/swing/text/html/parser/ContentModel
instanceKlass javax/swing/text/html/parser/ParserDelegator$1
instanceKlass javax/swing/text/html/parser/Entity
instanceKlass javax/swing/text/html/parser/Element
instanceKlass javax/swing/text/html/parser/DTD
instanceKlass javax/swing/text/html/parser/DTDConstants
instanceKlass javax/swing/text/html/HTMLEditorKit$Parser
instanceKlass javax/swing/text/html/CSS$ShorthandMarginParser
instanceKlass javax/swing/text/html/CSS$LengthUnit
instanceKlass javax/swing/text/html/HTMLEditorKit$1
instanceKlass javax/swing/text/html/CSSParser
instanceKlass javax/swing/text/html/StyleSheet$CssParser
instanceKlass javax/swing/text/html/CSSParser$CSSParserCallback
instanceKlass javax/swing/text/html/StyleSheet$SelectorMapping
instanceKlass javax/swing/text/html/CSS$CssValue
instanceKlass javax/swing/text/html/CSS$Value
instanceKlass javax/swing/text/html/CSS$Attribute
instanceKlass com/google/gson/stream/JsonWriter$1
instanceKlass com/mojang/authlib/yggdrasil/response/Response
instanceKlass com/mojang/authlib/yggdrasil/request/RefreshRequest
instanceKlass net/minecraft/launcher/ui/a/a$3
instanceKlass net/minecraft/launcher/ui/a/b$4
instanceKlass net/minecraft/launcher/ui/b/e$7
instanceKlass javax/swing/text/html/CSS
instanceKlass javax/swing/text/html/HTML$Attribute
instanceKlass javax/swing/text/html/HTML
instanceKlass javax/swing/text/html/HTML$Tag
instanceKlass javax/swing/text/html/HTMLEditorKit$HTMLFactory
instanceKlass net/minecraft/launcher/ui/a/b$2
instanceKlass com/google/common/collect/LinkedHashMultimap$ValueSetLink
instanceKlass com/google/common/collect/AbstractMultimap
instanceKlass com/google/common/collect/SetMultimap
instanceKlass com/mojang/authlib/BaseUserAuthentication
instanceKlass com/google/gson/internal/ConstructorConstructor$4
instanceKlass com/google/gson/internal/StringMap$LinkedHashIterator
instanceKlass com/google/gson/internal/StringMap$LinkedEntry
instanceKlass net/minecraft/launcher/updater/a$1
instanceKlass sun/util/calendar/Era
instanceKlass java/net/HttpCookie$12
instanceKlass sun/misc/JavaNetHttpCookieAccess
instanceKlass java/net/HttpCookie$11
instanceKlass java/net/HttpCookie$10
instanceKlass java/net/HttpCookie$9
instanceKlass java/net/HttpCookie$8
instanceKlass java/net/HttpCookie$7
instanceKlass java/net/HttpCookie$6
instanceKlass java/net/HttpCookie$5
instanceKlass java/net/HttpCookie$4
instanceKlass java/net/HttpCookie$3
instanceKlass java/net/HttpCookie$2
instanceKlass java/net/HttpCookie$1
instanceKlass java/net/HttpCookie$CookieAttributeAssignor
instanceKlass java/net/HttpCookie
instanceKlass sun/text/normalizer/NormalizerImpl$NextCombiningArgs
instanceKlass sun/text/normalizer/NormalizerImpl$RecomposeArgs
instanceKlass sun/text/normalizer/NormalizerImpl$DecomposeArgs
instanceKlass sun/text/normalizer/NormalizerImpl$ComposePartArgs
instanceKlass sun/net/idn/Punycode
instanceKlass sun/text/normalizer/UBiDiProps$IsAcceptable
instanceKlass sun/text/normalizer/UBiDiProps
instanceKlass sun/text/normalizer/UCharacter
instanceKlass com/sun/webkit/network/DateParser$Time
instanceKlass com/sun/webkit/network/DateParser
instanceKlass sun/text/normalizer/RangeValueIterator$Element
instanceKlass sun/text/normalizer/TrieIterator
instanceKlass sun/text/normalizer/RangeValueIterator
instanceKlass sun/text/normalizer/Trie$DefaultGetFoldingOffset
instanceKlass sun/text/normalizer/UCharacterPropertyReader
instanceKlass sun/text/normalizer/UnicodeSet$VersionFilter
instanceKlass sun/text/normalizer/UnicodeSet$Filter
instanceKlass sun/text/normalizer/Utility
instanceKlass sun/text/normalizer/UCharacterProperty
instanceKlass sun/text/normalizer/RuleCharacterIterator
instanceKlass sun/text/Normalizer
instanceKlass sun/text/normalizer/UTF16
instanceKlass sun/net/idn/StringPrep$Values
instanceKlass sun/text/normalizer/ReplaceableString
instanceKlass sun/text/normalizer/Replaceable
instanceKlass com/sun/javafx/font/PrismCompositeFontResource
instanceKlass sun/text/normalizer/UCharacterIterator
instanceKlass com/sun/webkit/network/PublicSuffixes
instanceKlass com/sun/webkit/network/Cookie
instanceKlass java/util/Collections$UnmodifiableList$1
instanceKlass com/sun/webkit/network/ExtendedTime
instanceKlass com/sun/javafx/font/PrismFontFile$DirectoryEntry
instanceKlass com/sun/javafx/font/FontFileReader$Buffer
instanceKlass com/sun/javafx/font/FontFileReader$$Lambda$182
instanceKlass com/sun/javafx/font/FontFileReader
instanceKlass com/sun/javafx/font/PrismFontStrike
instanceKlass com/sun/javafx/font/DisposerRecord
instanceKlass javafx/embed/swing/JFXPanel$HostContainer$$Lambda$181
instanceKlass com/sun/prism/impl/BufferUtil$$Lambda$180
instanceKlass com/sun/prism/impl/BufferUtil
instanceKlass com/sun/prism/shader/Solid_TextureRGB_Loader
instanceKlass com/sun/prism/impl/ps/BaseShaderContext$1
instanceKlass com/sun/prism/MultiTexture
instanceKlass com/sun/webkit/graphics/WCRenderQueue$$Lambda$179
instanceKlass com/sun/prism/d3d/D3DContext$1
instanceKlass com/sun/prism/impl/BaseGraphicsResource
instanceKlass sun/net/www/http/HttpCapture$1
instanceKlass sun/net/www/http/HttpCapture
instanceKlass com/sun/prism/shader/FillPgram_Color_Loader
instanceKlass com/sun/prism/d3d/D3DResourceFactory$$Lambda$178
instanceKlass org/apache/commons/lang3/text/StrTokenizer
instanceKlass com/sun/javafx/webkit/prism/WCGraphicsPrismContext$Composite
instanceKlass org/apache/commons/lang3/text/StrBuilder
instanceKlass com/sun/webkit/graphics/GraphicsDecoder
instanceKlass com/sun/prism/PrinterGraphics
instanceKlass com/sun/webkit/graphics/WCStroke
instanceKlass com/sun/javafx/webkit/prism/WCGraphicsPrismContext$ContextState
instanceKlass com/sun/javafx/webkit/prism/WCGraphicsPrismContext$$Lambda$177
instanceKlass com/google/common/collect/Iterators$2
instanceKlass com/google/common/collect/PeekingIterator
instanceKlass com/sun/webkit/graphics/WCGradient
instanceKlass com/google/common/collect/Iterators
instanceKlass com/google/common/collect/Iterables
instanceKlass com/mojang/launcher/updater/c
instanceKlass com/google/common/collect/Sets
instanceKlass net/minecraft/launcher/profile/Profile$Resolution
instanceKlass com/sun/javafx/webkit/prism/WCGraphicsPrismContext$Layer
instanceKlass com/sun/javafx/geom/transform/Affine3D$1
instanceKlass com/sun/prism/impl/ps/BaseShaderGraphics$$Lambda$176
instanceKlass com/sun/prism/impl/Disposer$Target
instanceKlass com/sun/prism/impl/PrismTrace
instanceKlass com/sun/prism/d3d/D3DResource$D3DRecord
instanceKlass com/sun/prism/impl/Disposer$Record
instanceKlass javafx/scene/web/WebHistory$Entry$$Lambda$175
instanceKlass com/sun/prism/impl/BaseTexture
instanceKlass com/sun/prism/d3d/D3DContextSource
instanceKlass com/sun/prism/ReadbackRenderTarget
instanceKlass javafx/scene/web/WebHistory$Entry
instanceKlass com/sun/prism/d3d/D3DRenderTarget
instanceKlass com/sun/webkit/BackForwardList$Entry
instanceKlass com/sun/prism/impl/BaseResourcePool$WeakLinkedList
instanceKlass com/sun/prism/impl/BaseResourcePool$$Lambda$174
instanceKlass com/sun/prism/impl/BaseResourcePool$$Lambda$173
instanceKlass com/sun/prism/impl/BaseResourcePool$$Lambda$172
instanceKlass com/sun/webkit/Utilities$MimeTypeMapHolder
instanceKlass com/sun/prism/impl/BaseResourcePool$$Lambda$171
instanceKlass com/sun/prism/impl/BaseResourcePool$$Lambda$170
instanceKlass com/sun/prism/impl/BaseResourcePool$$Lambda$169
instanceKlass java/lang/invoke/LambdaForm$DMH
instanceKlass java/lang/invoke/LambdaForm$DMH
instanceKlass com/sun/prism/impl/ManagedResource
instanceKlass com/sun/prism/impl/BaseResourcePool$Predicate
instanceKlass net/minecraft/launcher/updater/PartialVersion
instanceKlass com/sun/prism/impl/BaseResourcePool
instanceKlass net/minecraft/launcher/updater/VersionList$RawVersionList
instanceKlass com/sun/webkit/network/URLLoader$$Lambda$168
instanceKlass java/lang/invoke/LambdaForm$MH
instanceKlass com/sun/webkit/network/URLLoader$$Lambda$167
instanceKlass java/util/concurrent/Semaphore
instanceKlass com/sun/webkit/network/ByteBufferPool$ByteBufferAllocatorImpl
instanceKlass java/lang/invoke/LambdaForm$MH
instanceKlass java/lang/invoke/LambdaForm$DMH
instanceKlass java/lang/invoke/LambdaForm$DMH
instanceKlass com/sun/webkit/network/URLLoader$$Lambda$166
instanceKlass java/lang/invoke/LambdaForm$DMH
instanceKlass java/net/URLConnection$1
instanceKlass sun/net/www/MimeEntry
instanceKlass com/sun/webkit/graphics/WCPathIterator
instanceKlass sun/net/www/MimeTable$DefaultInstanceHolder$1
instanceKlass sun/net/www/MimeTable$DefaultInstanceHolder
instanceKlass sun/net/www/MimeTable$1
instanceKlass sun/net/www/MimeTable
instanceKlass java/net/FileNameMap
instanceKlass com/sun/webkit/graphics/BufferData
instanceKlass com/sun/webkit/network/URLLoader$$Lambda$165
instanceKlass com/sun/webkit/network/NetworkContext$URLLoaderThreadFactory$$Lambda$164
instanceKlass com/sun/webkit/network/FormDataElement
instanceKlass com/sun/webkit/network/URLLoader
instanceKlass javafx/scene/web/DirectoryLock$Descriptor
instanceKlass sun/nio/ch/FileKey
instanceKlass sun/nio/ch/FileLockTable
instanceKlass java/nio/channels/FileLock
instanceKlass sun/nio/fs/AbstractBasicFileAttributeView
instanceKlass sun/nio/fs/DynamicFileAttributeView
instanceKlass sun/nio/fs/WindowsFileAttributeViews
instanceKlass java/nio/file/attribute/BasicFileAttributeView
instanceKlass java/nio/file/attribute/FileAttributeView
instanceKlass java/nio/file/attribute/AttributeView
instanceKlass java/nio/file/CopyOption
instanceKlass java/nio/file/attribute/PosixFilePermissions$1
instanceKlass java/nio/file/attribute/PosixFilePermissions
instanceKlass javafx/scene/web/DirectoryLock
instanceKlass com/sun/glass/ui/win/WinApplication$$Lambda$163
instanceKlass com/sun/webkit/network/URLs
instanceKlass com/sun/webkit/network/Util
instanceKlass com/sun/javafx/tk/quantum/EmbeddedScene$$Lambda$162
instanceKlass java/lang/invoke/LambdaForm$DMH
instanceKlass com/sun/prism/impl/Disposer
instanceKlass javafx/embed/swing/JFXPanel$HostContainer$$Lambda$161
instanceKlass javafx/embed/swing/SwingCursors$1
instanceKlass javafx/embed/swing/SwingCursors
instanceKlass com/sun/javafx/cursor/CursorFrame
instanceKlass com/sun/javafx/geom/Path2D$SVGParser
instanceKlass com/sun/javafx/geom/PathIterator
instanceKlass com/sun/javafx/sg/prism/EffectFilter
instanceKlass com/sun/scenario/effect/GaussianShadow$1
instanceKlass com/sun/javafx/tk/Toolkit$1
instanceKlass com/sun/scenario/effect/impl/state/LinearConvolveRenderState
instanceKlass com/sun/scenario/effect/Color4f
instanceKlass com/sun/scenario/effect/impl/state/LinearConvolveKernel
instanceKlass java/util/Collections$UnmodifiableMap$UnmodifiableEntrySet$UnmodifiableEntry
instanceKlass java/util/Collections$UnmodifiableMap$UnmodifiableEntrySet$1
instanceKlass com/sun/scenario/effect/impl/state/RenderState
instanceKlass com/sun/scenario/effect/impl/state/AccessHelper
instanceKlass com/sun/scenario/effect/Effect$$Lambda$160
instanceKlass com/sun/scenario/effect/impl/state/AccessHelper$StateAccessor
instanceKlass javafx/embed/swing/SwingDnD$$Lambda$159
instanceKlass com/sun/javafx/embed/HostDragStartListener
instanceKlass java/lang/invoke/LambdaForm$DMH
instanceKlass javafx/scene/effect/Effect$1
instanceKlass java/awt/dnd/DropTargetAdapter
instanceKlass java/awt/dnd/DragSourceAdapter
instanceKlass java/awt/dnd/DragSourceMotionListener
instanceKlass javafx/beans/WeakInvalidationListener
instanceKlass com/sun/javafx/beans/event/AbstractNotifyListener
instanceKlass javafx/collections/FXCollections$UnmodifiableObservableSet$1
instanceKlass com/sun/webkit/network/CookieStore$GetComparator
instanceKlass com/sun/javafx/css/BitSet$1
instanceKlass javafx/collections/SetChangeListener
instanceKlass javafx/scene/control/SkinBase$StyleableProperties
instanceKlass com/sun/javafx/scene/control/Logging
instanceKlass javafx/beans/value/WeakChangeListener
instanceKlass com/sun/javafx/scene/control/MultiplePropertyChangeListenerHandler$1
instanceKlass com/sun/javafx/scene/control/skin/BehaviorSkinBase$$Lambda$158
instanceKlass com/sun/javafx/scene/control/MultiplePropertyChangeListenerHandler
instanceKlass javafx/scene/layout/StackPane$StyleableProperties
instanceKlass com/sun/javafx/scene/control/skin/ScrollBarSkin$$Lambda$157
instanceKlass com/sun/javafx/scene/control/skin/ScrollBarSkin$$Lambda$156
instanceKlass com/sun/javafx/scene/control/skin/ScrollBarSkin$$Lambda$155
instanceKlass com/sun/javafx/scene/control/skin/ScrollBarSkin$$Lambda$154
instanceKlass com/sun/javafx/scene/control/skin/ScrollBarSkin$$Lambda$153
instanceKlass com/sun/javafx/scene/control/skin/ScrollBarSkin$$Lambda$152
instanceKlass com/sun/javafx/scene/control/skin/ScrollBarSkin$$Lambda$151
instanceKlass com/sun/javafx/scene/control/skin/ScrollBarSkin$$Lambda$150
instanceKlass com/sun/javafx/scene/control/skin/ScrollBarSkin$$Lambda$149
instanceKlass com/sun/javafx/scene/control/skin/ScrollBarSkin$$Lambda$148
instanceKlass com/sun/javafx/scene/control/skin/ScrollBarSkin$$Lambda$147
instanceKlass javafx/scene/layout/StackPane$$Lambda$146
instanceKlass com/sun/javafx/scene/control/skin/BehaviorSkinBase$2
instanceKlass com/sun/javafx/scene/control/skin/BehaviorSkinBase$1
instanceKlass com/sun/javafx/scene/control/behavior/BehaviorBase$$Lambda$145
instanceKlass com/sun/javafx/scene/control/behavior/BehaviorBase$$Lambda$144
instanceKlass com/sun/javafx/scene/control/behavior/KeyBinding
instanceKlass javafx/scene/control/SkinBase$$Lambda$143
instanceKlass java/awt/Cursor$CursorDisposer
instanceKlass com/sun/javafx/scene/control/behavior/BehaviorBase
instanceKlass javafx/scene/control/SkinBase
instanceKlass java/awt/image/PixelGrabber
instanceKlass sun/awt/image/GifFrame
instanceKlass javafx/scene/layout/BackgroundFill
instanceKlass javafx/scene/paint/Stop
instanceKlass javax/crypto/MacSpi
instanceKlass javax/crypto/Mac
instanceKlass com/sun/javafx/css/CssError
instanceKlass com/sun/javafx/css/StyleCacheEntry
instanceKlass com/sun/javafx/css/Style
instanceKlass com/sun/javafx/css/parser/StopConverter$Holder
instanceKlass com/sun/javafx/css/parser/LadderConverter$Holder
instanceKlass com/sun/javafx/css/parser/DeriveColorConverter$Holder
instanceKlass com/sun/javafx/css/Size
instanceKlass com/sun/javafx/css/Declaration
instanceKlass com/sun/javafx/css/Rule$Observables
instanceKlass com/sun/javafx/css/Match
instanceKlass com/sun/javafx/css/CalculatedValue
instanceKlass com/sun/javafx/css/StyleCacheEntry$Key
instanceKlass com/sun/javafx/css/StyleCache
instanceKlass com/sun/javafx/scene/traversal/TabOrderHelper
instanceKlass sun/awt/image/ImageDecoder
instanceKlass sun/awt/image/ImageFetcher$1
instanceKlass sun/awt/image/FetcherInfo
instanceKlass sun/awt/image/ImageConsumerQueue
instanceKlass sun/awt/image/ImageWatched$Link
instanceKlass sun/awt/image/ImageWatched
instanceKlass com/sun/javafx/tk/Toolkit$$Lambda$142
instanceKlass javafx/animation/AnimationTimer$AnimationTimerReceiver$$Lambda$141
instanceKlass java/lang/invoke/LambdaForm$DMH
instanceKlass com/sun/scenario/animation/AnimationPulse$PulseData$$Lambda$140
instanceKlass com/sun/scenario/animation/AnimationPulse$PulseData$$Lambda$139
instanceKlass com/sun/scenario/animation/AnimationPulse$PulseData$$Lambda$138
instanceKlass com/sun/scenario/animation/AnimationPulse$PulseData$$Lambda$137
instanceKlass com/sun/scenario/animation/AnimationPulse$PulseData$$Lambda$136
instanceKlass com/sun/scenario/animation/AnimationPulse$PulseData$$Lambda$135
instanceKlass com/sun/scenario/animation/AnimationPulse$PulseData$$Lambda$134
instanceKlass com/sun/scenario/animation/AnimationPulse$PulseData$$Lambda$133
instanceKlass java/lang/invoke/LambdaForm$DMH
instanceKlass java/lang/invoke/LambdaForm$DMH
instanceKlass com/sun/scenario/animation/AnimationPulse$PulseData
instanceKlass com/sun/scenario/animation/AnimationPulse$PulseData$Accessor
instanceKlass com/sun/scenario/animation/AnimationPulse$AnimationPulseHolder
instanceKlass com/sun/scenario/animation/AnimationPulse
instanceKlass com/sun/scenario/animation/AnimationPulseMBean
instanceKlass com/oracle/jrockit/jfr/FlightRecorder
instanceKlass com/oracle/jrockit/jfr/EventToken
instanceKlass com/oracle/jrockit/jfr/EventInfo
instanceKlass java/awt/MediaEntry
instanceKlass java/awt/MediaTracker
instanceKlass java/awt/Cursor$2
instanceKlass com/sun/javafx/logging/PrintLogger$$Lambda$132
instanceKlass com/sun/javafx/logging/PrintLogger$$Lambda$131
instanceKlass com/sun/javafx/logging/PrintLogger$$Lambda$130
instanceKlass com/sun/javafx/logging/Logger
instanceKlass com/sun/javafx/logging/PulseLogger
instanceKlass javafx/scene/web/WebView$StyleableProperties
instanceKlass javafx/scene/layout/BorderWidths
instanceKlass com/sun/javafx/scene/layout/region/BorderImageSlices
instanceKlass com/sun/javafx/scene/layout/region/Margins$Holder
instanceKlass javafx/scene/layout/Border
instanceKlass javafx/scene/layout/BackgroundSize
instanceKlass javafx/scene/layout/BackgroundPosition
instanceKlass com/sun/javafx/scene/layout/region/RepeatStruct
instanceKlass com/sun/javafx/css/converters/URLConverter$Holder
instanceKlass javafx/scene/layout/CornerRadii
instanceKlass net/minecraft/launcher/ui/b/a/b$2
instanceKlass com/sun/javafx/css/converters/PaintConverter$Holder
instanceKlass java/awt/Cursor$3
instanceKlass javafx/scene/layout/Background
instanceKlass com/sun/javafx/css/converters/InsetsConverter$Holder
instanceKlass java/awt/dnd/DragSource
instanceKlass javafx/embed/swing/SwingDnD$DnDTransferable
instanceKlass java/awt/dnd/DragGestureRecognizer
instanceKlass java/awt/dnd/DragSourceListener
instanceKlass javafx/scene/layout/Region$StyleableProperties
instanceKlass javafx/scene/control/Control$StyleableProperties
instanceKlass com/sun/javafx/tk/quantum/EmbeddedScene$$Lambda$129
instanceKlass javafx/scene/control/ScrollBar$StyleableProperties
instanceKlass com/sun/javafx/tk/quantum/EmbeddedStage$$Lambda$128
instanceKlass com/sun/javafx/tk/quantum/EmbeddedStage$$Lambda$127
instanceKlass org/w3c/dom/events/EventListener
instanceKlass net/minecraft/launcher/ui/b/a/b$1$1
instanceKlass javafx/scene/web/WebView$$Lambda$126
instanceKlass java/lang/invoke/LambdaForm$DMH
instanceKlass javafx/scene/web/WebView$$Lambda$125
instanceKlass com/sun/javafx/webkit/InputMethodClientImpl
instanceKlass com/sun/webkit/InputMethodClient
instanceKlass javafx/scene/web/WebView$$Lambda$124
instanceKlass javafx/scene/web/WebView$$Lambda$123
instanceKlass javafx/scene/web/WebView$$Lambda$122
instanceKlass com/sun/javafx/scene/EventHandlerProperties
instanceKlass javafx/scene/web/WebView$$Lambda$121
instanceKlass javafx/scene/web/WebView$$Lambda$120
instanceKlass javafx/scene/web/WebView$$Lambda$119
instanceKlass javafx/scene/web/WebView$$Lambda$118
instanceKlass javafx/event/WeakEventHandler
instanceKlass com/sun/javafx/event/CompositeEventHandler$EventProcessorRecord
instanceKlass com/sun/javafx/event/CompositeEventHandler
instanceKlass javafx/geometry/Insets
instanceKlass javafx/scene/layout/Region$$Lambda$117
instanceKlass javafx/scene/control/Control$$Lambda$116
instanceKlass javafx/event/EventHandler
instanceKlass java/lang/invoke/LambdaForm$DMH
instanceKlass com/sun/javafx/css/StyleCache$Key
instanceKlass javafx/scene/CssStyleHelper$CacheContainer
instanceKlass com/sun/javafx/css/StyleManager$Cache$Key
instanceKlass com/sun/javafx/css/StyleManager$Cache
instanceKlass com/sun/javafx/css/StyleManager$Key
instanceKlass com/sun/javafx/css/StyleManager$RefList
instanceKlass com/sun/javafx/css/SelectorPartitioning$Slot
instanceKlass com/sun/javafx/css/SelectorPartitioning$Partition
instanceKlass com/sun/javafx/css/SelectorPartitioning$$Lambda$115
instanceKlass com/sun/javafx/css/SelectorPartitioning$PartitionKey
instanceKlass com/sun/javafx/css/SelectorPartitioning
instanceKlass com/sun/javafx/css/StyleManager$StylesheetContainer
instanceKlass javafx/collections/ModifiableObservableListBase$SubObservableList
instanceKlass com/sun/javafx/css/StyleClass
instanceKlass com/sun/javafx/css/Selector
instanceKlass com/sun/javafx/css/Rule
instanceKlass com/sun/javafx/css/StringStore
instanceKlass com/sun/javafx/css/Stylesheet
instanceKlass com/sun/javafx/css/StyleManager$$Lambda$114
instanceKlass com/sun/javafx/application/PlatformImpl$$Lambda$113
instanceKlass com/sun/javafx/application/PlatformImpl$$Lambda$112
instanceKlass com/sun/javafx/application/PlatformImpl$$Lambda$111
instanceKlass javafx/application/Application
instanceKlass com/sun/javafx/geom/Vec2d
instanceKlass javafx/scene/control/Skin
instanceKlass com/sun/javafx/webkit/theme/RenderThemeImpl$ViewListener$1
instanceKlass javafx/scene/web/WebEngine$PulseTimer$$Lambda$110
instanceKlass javafx/animation/AnimationTimer$AnimationTimerReceiver
instanceKlass javafx/animation/AnimationTimer
instanceKlass javafx/scene/web/WebEngine$PulseTimer
instanceKlass com/sun/webkit/Disposer
instanceKlass javafx/scene/web/WebEngine$SelfDisposer
instanceKlass javafx/scene/web/WebHistory$$Lambda$109
instanceKlass com/sun/webkit/event/WCChangeListener
instanceKlass com/sun/webkit/event/WCChangeEvent
instanceKlass com/sun/webkit/BackForwardList$1
instanceKlass com/sun/webkit/BackForwardList
instanceKlass javafx/beans/value/ObservableIntegerValue
instanceKlass javafx/beans/value/WritableIntegerValue
instanceKlass javafx/scene/web/WebHistory
instanceKlass javafx/scene/web/WebEngine$PageLoadListener
instanceKlass java/lang/invoke/LambdaForm$MH
instanceKlass java/lang/invoke/LambdaForm$DMH
instanceKlass java/lang/invoke/LambdaForm$DMH
instanceKlass com/sun/webkit/WatchdogTimer$$Lambda$108
instanceKlass java/lang/invoke/LambdaForm$DMH
instanceKlass com/sun/webkit/WatchdogTimer$CustomThreadFactory
instanceKlass com/sun/webkit/WatchdogTimer
instanceKlass com/sun/webkit/network/NetworkContext$$Lambda$107
instanceKlass java/util/concurrent/ConcurrentLinkedQueue$Node
instanceKlass com/sun/webkit/network/ByteBufferAllocator
instanceKlass com/sun/webkit/network/ByteBufferPool
instanceKlass com/sun/webkit/network/NetworkContext$URLLoaderThreadFactory
instanceKlass com/sun/webkit/network/NetworkContext
instanceKlass com/sun/webkit/graphics/WCPoint
instanceKlass com/mojang/launcher/a
instanceKlass com/sun/webkit/Timer$$Lambda$106
instanceKlass com/sun/webkit/Timer
instanceKlass com/sun/javafx/webkit/theme/ScrollBarThemeImpl$$Lambda$105
instanceKlass com/sun/javafx/webkit/theme/RenderThemeImpl$ViewListener
instanceKlass com/sun/javafx/webkit/theme/RenderThemeImpl$1
instanceKlass com/sun/javafx/webkit/theme/RenderThemeImpl$$Lambda$104
instanceKlass com/sun/javafx/webkit/theme/RenderThemeImpl$Pool$Notifier
instanceKlass com/sun/javafx/webkit/theme/RenderThemeImpl$Pool
instanceKlass com/sun/webkit/graphics/WCRectangle
instanceKlass com/sun/webkit/WebPage$RenderFrame
instanceKlass javafx/scene/web/WebEngine$InspectorClientImpl
instanceKlass com/sun/javafx/WeakReferenceQueue$1
instanceKlass javafx/scene/input/DataFormat
instanceKlass com/sun/javafx/webkit/UIClientImpl
instanceKlass com/sun/javafx/webkit/WebPageClientImpl$$Lambda$103
instanceKlass com/sun/javafx/webkit/WebPageClientImpl
instanceKlass com/sun/webkit/network/CookieStore
instanceKlass com/sun/webkit/WebPage$$Lambda$102
instanceKlass com/sun/webkit/WCWidget
instanceKlass javafx/scene/web/WebEngine$$Lambda$101
instanceKlass javafx/scene/web/PopupFeatures
instanceKlass javafx/scene/web/WebEngine$DebuggerImpl
instanceKlass javafx/scene/web/WebEngine$LoadWorker
instanceKlass com/sun/webkit/ContextMenu
instanceKlass com/sun/webkit/Pasteboard
instanceKlass com/sun/webkit/PopupMenu
instanceKlass com/sun/javafx/webkit/theme/RenderThemeImpl$FormControl
instanceKlass com/sun/javafx/webkit/theme/RenderThemeImpl$Widget
instanceKlass javafx/scene/control/Skinnable
instanceKlass java/util/concurrent/RunnableScheduledFuture
instanceKlass java/util/concurrent/ScheduledFuture
instanceKlass java/util/concurrent/Delayed
instanceKlass java/util/concurrent/ScheduledExecutorService
instanceKlass javafx/scene/Cursor
instanceKlass com/sun/media/jfxmedia/events/PlayerTimeListener
instanceKlass com/sun/media/jfxmedia/events/BufferListener
instanceKlass com/sun/media/jfxmedia/events/VideoTrackSizeListener
instanceKlass com/sun/media/jfxmedia/events/MediaErrorListener
instanceKlass com/sun/media/jfxmedia/events/PlayerStateListener
instanceKlass com/sun/webkit/graphics/WCFontCustomPlatformData
instanceKlass com/sun/webkit/graphics/WCGraphicsContext
instanceKlass com/sun/webkit/graphics/WCImageDecoder
instanceKlass com/sun/prism/ResourceFactoryListener
instanceKlass com/sun/webkit/perf/PerfLogger$$Lambda$100
instanceKlass com/sun/webkit/perf/PerfLogger$$Lambda$99
instanceKlass java/lang/invoke/LambdaForm$DMH
instanceKlass com/sun/webkit/perf/PerfLogger
instanceKlass javafx/scene/web/WebEngine$$Lambda$98
instanceKlass com/sun/javafx/webkit/Accessor$PageAccessor
instanceKlass com/sun/webkit/WebPage
instanceKlass org/apache/commons/lang3/text/StrLookup
instanceKlass org/apache/commons/lang3/StringUtils
instanceKlass java/util/DualPivotQuicksort
instanceKlass org/apache/commons/lang3/text/StrMatcher
instanceKlass com/sun/javafx/scene/web/Debugger
instanceKlass javafx/concurrent/Worker
instanceKlass sun/util/locale/provider/CalendarNameProviderImpl$LengthBasedComparator
instanceKlass sun/util/locale/provider/CalendarDataUtility$CalendarFieldValueNamesMapGetter
instanceKlass com/sun/webkit/Utilities
instanceKlass com/sun/webkit/graphics/Ref
instanceKlass com/sun/webkit/EventLoop
instanceKlass java/text/CalendarBuilder
instanceKlass com/sun/webkit/CursorManager
instanceKlass java/text/ParsePosition
instanceKlass com/google/gson/internal/bind/TypeAdapters$32
instanceKlass com/google/gson/internal/Streams
instanceKlass com/sun/webkit/graphics/WCGraphicsManager
instanceKlass com/google/gson/internal/ConstructorConstructor$7
instanceKlass com/sun/javafx/webkit/theme/Renderer
instanceKlass com/google/gson/internal/ConstructorConstructor$6
instanceKlass com/google/gson/internal/UnsafeAllocator
instanceKlass com/google/gson/internal/ConstructorConstructor$8
instanceKlass com/mojang/launcher/versions/CompatibilityRule$OSRestriction
instanceKlass com/mojang/launcher/versions/CompatibilityRule
instanceKlass com/mojang/launcher/versions/ExtractRules
instanceKlass org/apache/commons/lang3/text/StrSubstitutor
instanceKlass com/sun/webkit/Invoker
instanceKlass com/sun/webkit/DisposerRecord
instanceKlass com/sun/webkit/LoadListenerClient
instanceKlass java/lang/reflect/Proxy$ProxyClassFactory
instanceKlass java/lang/reflect/Proxy$KeyFactory
instanceKlass java/lang/reflect/WeakCache
instanceKlass java/lang/reflect/InvocationHandler
instanceKlass java/lang/reflect/Proxy
instanceKlass com/google/gson/internal/$Gson$Types$ParameterizedTypeImpl
instanceKlass com/sun/webkit/WebPageClient
instanceKlass sun/reflect/generics/reflectiveObjects/LazyReflectiveObjectGenerator
instanceKlass sun/reflect/generics/tree/TypeVariableSignature
instanceKlass sun/reflect/generics/reflectiveObjects/ParameterizedTypeImpl
instanceKlass net/minecraft/launcher/updater/Library
instanceKlass sun/reflect/generics/visitor/Reifier
instanceKlass sun/reflect/generics/visitor/TypeTreeVisitor
instanceKlass sun/reflect/generics/factory/CoreReflectionFactory
instanceKlass sun/reflect/generics/factory/GenericsFactory
instanceKlass sun/reflect/generics/scope/AbstractScope
instanceKlass sun/reflect/generics/scope/Scope
instanceKlass net/minecraft/launcher/updater/CompleteMinecraftVersion
instanceKlass com/sun/webkit/UIClient
instanceKlass com/sun/webkit/InspectorClient
instanceKlass com/sun/webkit/ThemeClient
instanceKlass com/sun/javafx/webkit/Accessor
instanceKlass javafx/scene/web/WebEngine
instanceKlass com/sun/javafx/robot/impl/FXRobotHelper$FXRobotInputAccessor
instanceKlass com/sun/javafx/tk/Toolkit$$Lambda$97
instanceKlass com/sun/javafx/tk/quantum/EmbeddedStage$$Lambda$96
instanceKlass java/lang/invoke/LambdaForm$MH
instanceKlass java/lang/invoke/LambdaForm$DMH
instanceKlass java/lang/invoke/LambdaForm$DMH
instanceKlass com/sun/javafx/tk/quantum/EmbeddedStage$$Lambda$95
instanceKlass java/lang/invoke/LambdaForm$DMH
instanceKlass javafx/embed/swing/JFXPanel$HostContainer$$Lambda$94
instanceKlass net/minecraft/launcher/Launcher$2
instanceKlass javax/swing/event/UndoableEditListener
instanceKlass javax/swing/text/DefaultCaret$1
instanceKlass javax/swing/TimerQueue$1
instanceKlass javax/swing/TimerQueue
instanceKlass javax/swing/text/AbstractDocument$UndoRedoDocumentEvent
instanceKlass javax/swing/event/DocumentEvent$ElementChange
instanceKlass javax/swing/text/DefaultStyledDocument$ElementBuffer$ElemChanges
instanceKlass javax/swing/text/DefaultStyledDocument$ElementSpec
instanceKlass com/sun/java/swing/plaf/windows/WindowsGraphicsUtils
instanceKlass javax/swing/JTable$5
instanceKlass javax/swing/JTable$2
instanceKlass javax/swing/JTable$Resizable3
instanceKlass javax/swing/JTable$Resizable2
instanceKlass sun/awt/GlobalCursorManager$NativeUpdater
instanceKlass sun/awt/GlobalCursorManager
instanceKlass javafx/scene/Node$MiscProperties
instanceKlass com/sun/javafx/TempState
instanceKlass javafx/scene/Parent$4
instanceKlass java/text/BreakIterator
instanceKlass java/time/LocalDate
instanceKlass javax/swing/text/Utilities
instanceKlass java/time/chrono/ChronoLocalDate
instanceKlass java/time/temporal/TemporalAdjuster
instanceKlass java/time/temporal/Temporal
instanceKlass java/time/temporal/TemporalAccessor
instanceKlass javax/swing/text/SegmentCache
instanceKlass javafx/scene/Node$20
instanceKlass javafx/embed/swing/JFXPanel$HostContainer$$Lambda$93
instanceKlass javafx/scene/Scene$InputMethodRequestsDelegate
instanceKlass com/sun/javafx/scene/input/ExtendedInputMethodRequests
instanceKlass javafx/scene/Scene$DropTargetListener
instanceKlass com/sun/javafx/scene/transform/TransformUtils
instanceKlass javax/swing/text/GlyphView$GlyphPainter
instanceKlass javafx/scene/Node$NodeTransformation
instanceKlass javafx/scene/Camera$$Lambda$92
instanceKlass com/sun/javafx/scene/CameraHelper
instanceKlass javafx/scene/Camera$3
instanceKlass com/sun/javafx/scene/CameraHelper$CameraAccessor
instanceKlass com/sun/javafx/geom/Point2D
instanceKlass javax/swing/SizeRequirements
instanceKlass sun/font/StandardGlyphVector$GlyphStrike
instanceKlass com/sun/scenario/effect/Effect
instanceKlass java/awt/font/GlyphVector
instanceKlass javafx/scene/Scene$ScenePeerPaintListener
instanceKlass javafx/scene/Scene$ScenePeerListener
instanceKlass com/sun/javafx/tk/quantum/GlassScene$$Lambda$91
